SF:lib\core\error\failure.dart
DA:6,4
DA:8,0
DA:9,0
DA:13,0
DA:17,4
LF:5
LH:2
end_of_record
SF:lib\features\auth\domain\use_case\auth_login_use_case.dart
DA:11,2
DA:13,1
DA:14,1
DA:15,3
DA:21,1
DA:24,1
DA:26,2
DA:27,1
DA:28,1
LF:9
LH:9
end_of_record
SF:lib\features\auth\domain\entity\user_entity.dart
DA:9,1
DA:16,0
DA:17,0
LF:3
LH:1
end_of_record
SF:lib\features\auth\domain\use_case\auth_register_use_case.dart
DA:13,2
DA:19,1
DA:25,1
DA:26,4
DA:34,1
DA:36,1
DA:38,1
DA:39,1
DA:40,1
DA:41,1
DA:44,2
LF:11
LH:11
end_of_record
SF:lib\app\constant\api\api_endpoint.dart
DA:2,0
LF:1
LH:0
end_of_record
SF:lib\app\constant\hive\hive_table_constant.dart
DA:2,0
LF:1
LH:0
end_of_record
SF:lib\app\service_locator\service_locator.dart
DA:12,6
DA:14,0
DA:15,0
DA:16,0
DA:17,0
DA:20,0
DA:21,0
DA:24,0
DA:25,0
DA:28,0
DA:31,0
DA:32,0
DA:37,0
DA:38,0
DA:39,0
DA:45,0
DA:46,0
DA:47,0
DA:52,0
DA:53,0
DA:54,0
DA:60,0
DA:61,0
DA:64,0
DA:65,0
LF:25
LH:1
end_of_record
SF:lib\core\network\api_service.dart
DA:9,0
DA:11,0
DA:12,0
DA:13,0
DA:14,0
DA:15,0
DA:16,0
DA:17,0
DA:18,0
DA:26,0
LF:10
LH:0
end_of_record
SF:lib\core\network\hive_service.dart
DA:7,0
DA:8,0
DA:9,0
DA:11,0
DA:13,0
DA:16,0
DA:17,0
DA:20,0
DA:22,0
DA:23,0
DA:26,0
DA:27,0
DA:28,0
DA:30,0
LF:14
LH:0
end_of_record
SF:lib\features\auth\data\data_source\remote_data_source\user_remote_data_source.dart
DA:11,0
DA:14,0
DA:17,0
DA:19,0
DA:22,0
DA:23,0
DA:26,0
DA:28,0
DA:29,0
DA:31,0
DA:35,0
DA:38,0
DA:40,0
DA:42,0
DA:45,0
DA:49,0
DA:51,0
DA:53,0
DA:55,0
LF:19
LH:0
end_of_record
SF:lib\features\auth\data\repository\remote_repository\user_remote_repository.dart
DA:10,0
DA:12,0
DA:18,0
DA:19,0
DA:21,0
DA:25,0
DA:28,0
DA:31,0
LF:8
LH:0
end_of_record
SF:lib\features\auth\presentation\view_model\login_view_model\login_view_model.dart
DA:17,1
DA:26,1
DA:27,2
DA:28,2
DA:29,2
DA:33,1
DA:34,1
DA:36,3
DA:39,1
DA:43,1
DA:45,3
DA:48,1
DA:49,1
DA:50,1
DA:52,1
DA:53,2
DA:59,2
DA:60,1
DA:63,1
DA:64,1
DA:65,1
DA:66,2
DA:71,2
DA:72,1
DA:73,1
DA:77,1
DA:78,1
DA:79,2
DA:84,2
DA:86,1
DA:89,2
DA:90,2
LF:32
LH:32
end_of_record
SF:lib\features\auth\presentation\view_model\signup_view_model\signup_view_model.dart
DA:17,1
DA:26,1
DA:27,2
DA:28,2
DA:29,2
DA:30,2
DA:33,1
DA:34,1
DA:35,3
DA:38,1
DA:42,1
DA:43,3
DA:46,1
DA:50,1
DA:51,3
DA:54,1
DA:58,3
DA:60,2
DA:61,1
DA:62,1
DA:63,1
DA:64,1
DA:68,2
DA:70,1
DA:71,1
DA:72,1
DA:73,2
DA:78,2
DA:80,1
DA:84,1
DA:85,1
DA:86,2
DA:91,2
DA:93,1
LF:34
LH:34
end_of_record
SF:lib\core\common\snackbar\my_snackbar.dart
DA:3,0
DA:8,0
DA:10,0
LF:3
LH:0
end_of_record
SF:lib\core\network\dio_error_interceptor.dart
DA:4,0
DA:8,0
DA:9,0
DA:11,0
DA:13,0
DA:14,0
DA:23,0
DA:24,0
DA:26,0
DA:30,0
DA:33,0
LF:11
LH:0
end_of_record
SF:lib\features\auth\data\model\auth_hive_model.dart
DA:23,0
DA:28,0
DA:31,0
DA:32,0
DA:33,0
DA:34,0
DA:35,0
DA:36,0
DA:41,0
DA:42,0
DA:43,0
DA:44,0
DA:45,0
DA:46,0
DA:50,0
DA:51,0
DA:52,0
DA:53,0
DA:54,0
DA:55,0
LF:20
LH:0
end_of_record
SF:lib\features\auth\data\model\auth_hive_model.g.dart
DA:13,0
DA:15,0
DA:16,0
DA:17,0
DA:19,0
DA:20,0
DA:21,0
DA:22,0
DA:23,0
DA:27,0
DA:30,0
DA:31,0
DA:32,0
DA:33,0
DA:34,0
DA:35,0
DA:36,0
DA:37,0
DA:38,0
DA:41,0
DA:42,0
DA:44,0
DA:47,0
DA:48,0
DA:49,0
LF:25
LH:0
end_of_record
SF:lib\features\auth\data\model\user_api_model.dart
DA:15,0
DA:22,0
DA:23,0
DA:25,0
DA:27,0
DA:28,0
DA:29,0
DA:31,0
DA:33,0
DA:35,0
DA:39,0
DA:40,0
DA:41,0
DA:43,0
DA:45,0
DA:51,0
DA:52,0
LF:17
LH:0
end_of_record
SF:lib\features\auth\data\model\user_api_model.g.dart
DA:9,0
DA:10,0
DA:11,0
DA:12,0
DA:13,0
DA:16,0
DA:17,0
DA:18,0
DA:19,0
DA:20,0
DA:21,0
LF:11
LH:0
end_of_record
SF:lib\features\auth\presentation\view\login_view.dart
DA:12,2
DA:18,2
DA:20,4
DA:21,2
DA:23,2
DA:25,2
DA:29,1
DA:30,2
DA:31,2
DA:32,1
DA:34,3
DA:38,2
DA:39,2
DA:40,2
DA:41,2
DA:43,2
DA:44,2
DA:45,2
DA:46,2
DA:48,4
DA:49,2
DA:54,2
DA:58,2
DA:59,2
DA:69,2
DA:74,2
DA:76,2
DA:93,2
DA:94,2
DA:96,1
DA:97,1
DA:100,1
DA:103,1
DA:108,2
DA:110,2
DA:111,2
DA:124,2
DA:125,2
DA:127,1
DA:128,1
DA:133,2
DA:135,2
DA:136,2
DA:141,2
DA:143,2
DA:144,1
DA:157,2
DA:159,2
DA:160,2
DA:161,2
DA:162,1
DA:163,3
DA:164,1
DA:165,1
DA:167,2
DA:168,2
DA:179,2
DA:205,2
DA:207,2
DA:208,1
DA:212,2
DA:213,2
DA:220,2
DA:233,2
DA:234,2
DA:236,2
DA:245,2
DA:246,1
DA:247,1
DA:249,1
DA:251,2
DA:253,1
DA:254,2
DA:257,1
LF:74
LH:74
end_of_record
SF:lib\features\auth\presentation\view\signup_view.dart
DA:11,2
DA:16,2
DA:18,6
DA:20,2
DA:22,2
DA:23,2
DA:25,2
DA:26,2
DA:27,2
DA:28,2
DA:29,2
DA:31,2
DA:36,2
DA:40,2
DA:41,2
DA:50,2
DA:52,2
DA:53,2
DA:54,2
DA:55,2
DA:56,2
DA:58,2
DA:77,2
DA:79,3
DA:80,1
DA:82,1
DA:83,1
DA:88,2
DA:90,2
DA:91,2
DA:107,2
DA:109,3
DA:110,1
DA:112,1
DA:113,1
DA:116,1
DA:119,1
DA:124,2
DA:126,2
DA:127,2
DA:143,2
DA:145,3
DA:146,1
DA:148,1
DA:149,1
DA:152,2
DA:158,2
DA:160,2
DA:161,2
DA:169,2
DA:172,2
DA:173,1
DA:174,3
DA:175,2
DA:176,1
DA:177,1
DA:178,1
DA:179,1
DA:192,2
DA:221,2
DA:223,2
DA:224,1
DA:232,2
DA:233,2
DA:240,2
DA:256,2
DA:257,2
DA:258,2
DA:263,2
DA:267,2
DA:268,2
DA:269,1
DA:270,1
DA:272,1
DA:274,2
DA:276,1
DA:277,2
DA:280,1
DA:285,2
DA:287,2
DA:288,2
LF:81
LH:81
end_of_record
SF:lib\features\auth\presentation\view_model\login_view_model\login_event.dart
DA:5,3
DA:7,0
DA:8,0
DA:14,1
DA:16,0
DA:17,0
DA:23,1
DA:25,0
DA:26,0
DA:34,2
DA:36,0
DA:37,0
LF:12
LH:4
end_of_record
SF:lib\features\auth\presentation\view_model\login_view_model\login_state.dart
DA:16,9
DA:23,1
DA:31,1
DA:32,1
DA:33,1
DA:34,1
DA:35,1
DA:39,1
DA:40,1
DA:41,1
DA:42,1
DA:43,1
DA:44,1
LF:13
LH:13
end_of_record
SF:lib\view\dashboard.dart
DA:5,2
DA:7,1
DA:9,1
DA:10,1
DA:12,1
DA:14,1
DA:15,1
DA:16,1
DA:17,1
DA:18,1
DA:20,1
DA:21,2
DA:22,1
DA:24,1
DA:26,1
DA:27,1
DA:28,1
DA:29,1
DA:31,1
DA:32,1
DA:34,1
DA:35,1
DA:37,1
DA:42,1
DA:45,1
DA:47,1
DA:53,1
DA:54,1
DA:55,1
DA:56,1
DA:58,1
DA:59,0
DA:60,1
DA:61,1
DA:65,1
DA:70,1
DA:73,1
DA:74,1
DA:76,1
DA:77,0
DA:78,1
DA:79,1
DA:80,1
DA:85,1
DA:88,1
DA:89,1
DA:91,1
DA:92,0
DA:93,1
DA:94,1
DA:95,1
DA:100,1
DA:105,1
DA:106,1
DA:108,1
DA:113,1
DA:114,1
DA:115,1
DA:119,1
DA:120,1
DA:121,1
DA:122,1
DA:124,1
DA:126,1
DA:127,1
DA:129,1
DA:133,1
DA:137,1
DA:138,1
DA:139,1
DA:140,1
DA:141,1
DA:143,1
DA:144,1
DA:146,1
DA:147,1
DA:149,1
DA:154,1
DA:155,1
DA:157,1
DA:159,1
DA:162,1
DA:166,1
DA:167,1
DA:169,1
DA:171,1
DA:172,1
DA:173,1
DA:174,1
DA:176,1
DA:177,1
DA:179,1
DA:184,1
DA:185,1
DA:187,1
DA:189,1
DA:190,1
DA:191,0
DA:192,1
DA:193,1
DA:194,1
DA:197,1
DA:201,1
DA:202,3
DA:206,1
DA:207,1
DA:208,0
DA:209,1
DA:211,1
DA:212,1
DA:215,1
DA:219,1
DA:220,3
DA:224,1
DA:225,1
DA:226,0
DA:227,1
DA:229,1
DA:230,1
DA:233,1
DA:237,1
DA:238,3
DA:242,1
DA:243,1
DA:244,0
DA:245,1
DA:246,1
DA:247,1
DA:250,1
DA:254,1
DA:255,3
DA:259,1
DA:260,1
DA:261,0
DA:262,1
DA:264,1
DA:265,1
DA:268,1
DA:272,1
DA:273,3
DA:277,1
DA:284,1
DA:285,1
DA:287,1
DA:288,1
DA:289,1
DA:291,1
DA:292,1
DA:296,1
DA:297,1
DA:301,1
DA:302,1
DA:305,1
DA:307,1
DA:308,2
DA:309,1
DA:317,1
DA:318,1
DA:321,1
DA:334,2
DA:335,3
DA:336,2
DA:338,1
DA:340,1
DA:349,1
DA:350,1
DA:351,1
DA:352,1
DA:353,1
DA:354,1
DA:355,1
DA:356,1
DA:357,1
DA:358,1
DA:359,1
DA:360,1
DA:361,1
DA:366,1
DA:367,1
DA:369,1
DA:381,1
DA:385,1
DA:386,1
DA:387,2
DA:390,1
DA:391,2
DA:394,1
DA:395,1
DA:398,2
LF:189
LH:181
end_of_record
SF:lib\features\auth\presentation\view_model\signup_view_model\signup_event.dart
DA:5,4
DA:7,0
DA:8,0
DA:13,0
DA:18,3
DA:20,1
DA:21,2
DA:26,3
DA:28,1
DA:29,2
DA:34,3
DA:36,1
DA:37,2
DA:46,2
DA:48,0
DA:49,0
LF:16
LH:11
end_of_record
SF:lib\features\auth\presentation\view_model\signup_view_model\signup_state.dart
DA:12,8
DA:20,1
DA:27,1
DA:28,1
DA:29,1
DA:30,1
DA:31,1
DA:32,1
DA:36,1
DA:37,1
DA:38,1
DA:39,1
DA:40,1
DA:41,1
DA:42,1
LF:15
LH:15
end_of_record
