SF:lib\core\error\failure.dart
DA:6,127
DA:8,0
DA:9,0
DA:13,0
DA:17,3
DA:21,43
DA:25,0
DA:29,54
DA:33,0
DA:37,27
DA:41,0
DA:45,27
DA:49,0
LF:13
LH:6
end_of_record
SF:lib\features\auth\domain\entity\user_entity.dart
DA:11,3
DA:20,2
DA:21,14
LF:3
LH:3
end_of_record
SF:lib\features\auth\domain\use_case\auth_login_use_case.dart
DA:12,2
DA:13,0
DA:15,2
DA:16,6
DA:22,1
DA:25,1
DA:28,2
DA:29,1
DA:30,1
DA:34,3
LF:10
LH:9
end_of_record
SF:lib\app\use_case\use_case.dart
DA:14,0
DA:15,0
LF:2
LH:0
end_of_record
SF:lib\app\secure_storage\secure_storage_service.dart
DA:8,1
DA:15,2
DA:16,2
DA:17,2
DA:18,2
DA:22,2
DA:26,0
DA:27,0
DA:28,0
DA:29,0
DA:30,0
DA:31,0
DA:32,0
DA:33,0
DA:36,0
DA:37,0
LF:16
LH:6
end_of_record
SF:lib\core\network\socket_service.dart
DA:31,0
DA:32,0
DA:36,0
DA:37,0
DA:38,0
DA:39,0
DA:42,0
DA:43,0
DA:44,0
DA:45,0
DA:46,0
DA:48,0
DA:53,0
DA:54,0
DA:56,0
DA:57,0
DA:60,0
DA:62,0
DA:63,0
DA:64,0
DA:66,0
DA:67,0
DA:68,0
DA:74,0
DA:76,0
DA:77,0
DA:78,0
DA:80,0
DA:81,0
DA:82,0
DA:87,0
DA:89,0
DA:90,0
DA:93,0
DA:95,0
DA:96,0
DA:97,0
DA:103,0
DA:105,0
DA:106,0
DA:110,0
DA:112,0
DA:113,0
DA:117,0
DA:119,0
DA:120,0
DA:121,0
DA:123,0
DA:127,0
DA:129,0
DA:130,0
DA:131,0
DA:133,0
DA:137,0
DA:139,0
DA:140,0
DA:141,0
DA:143,0
DA:147,0
DA:149,0
DA:152,0
DA:154,0
DA:156,0
DA:158,0
DA:159,0
DA:160,0
LF:66
LH:0
end_of_record
SF:lib\features\chat\data\models\message_api_model.dart
DA:9,0
DA:10,0
DA:12,0
DA:13,0
DA:14,0
DA:15,0
DA:48,1
DA:57,1
DA:67,0
DA:68,0
DA:70,0
LF:11
LH:2
end_of_record
SF:lib\features\chat\data\models\message_api_model.g.dart
DA:9,0
DA:10,0
DA:11,0
DA:12,0
DA:13,0
DA:15,0
DA:16,0
DA:17,0
DA:18,0
DA:19,0
DA:22,0
DA:23,0
DA:24,0
DA:25,0
DA:26,0
DA:27,0
DA:28,0
DA:29,0
DA:30,0
DA:31,0
LF:20
LH:0
end_of_record
SF:lib\features\notification\data\model\notification_api_model.dart
DA:19,0
DA:29,0
DA:30,0
DA:32,0
DA:35,0
DA:36,0
DA:37,0
DA:38,0
DA:39,0
DA:40,0
DA:41,0
DA:42,0
DA:43,0
DA:48,0
DA:49,0
DA:50,0
DA:51,0
DA:52,0
DA:53,0
DA:54,0
DA:55,0
DA:57,0
DA:58,0
DA:63,0
DA:64,0
LF:25
LH:0
end_of_record
SF:lib\features\notification\data\model\notification_api_model.g.dart
DA:9,0
DA:11,0
DA:12,0
DA:13,0
DA:14,0
DA:15,0
DA:16,0
DA:17,0
DA:18,0
DA:20,0
DA:23,0
DA:25,0
DA:26,0
DA:27,0
DA:28,0
DA:29,0
DA:30,0
DA:31,0
DA:32,0
LF:19
LH:0
end_of_record
SF:lib\features\chat\domain\entity\message.dart
DA:15,2
DA:26,1
DA:27,1
DA:28,1
DA:29,1
DA:30,1
DA:31,1
DA:32,1
DA:33,1
DA:34,1
DA:35,1
LF:11
LH:11
end_of_record
SF:lib\features\chat\domain\entity\user.dart
DA:7,3
DA:9,1
DA:10,4
LF:3
LH:3
end_of_record
SF:lib\features\chat\data\models\user_api_model.dart
DA:16,0
DA:20,0
DA:22,0
DA:23,0
DA:25,0
LF:5
LH:0
end_of_record
SF:lib\features\chat\data\models\user_api_model.g.dart
DA:9,0
DA:10,0
DA:11,0
DA:12,0
DA:15,0
DA:16,0
DA:17,0
DA:18,0
DA:19,0
LF:9
LH:0
end_of_record
SF:lib\features\chat\domain\entity\conversation.dart
DA:9,3
DA:15,1
DA:16,4
LF:3
LH:3
end_of_record
SF:lib\features\chat\domain\use_case\create_message_use_case.dart
DA:13,0
DA:15,0
DA:19,0
DA:20,0
DA:21,0
DA:22,0
DA:23,0
DA:24,0
DA:36,1
DA:44,0
DA:45,0
LF:11
LH:1
end_of_record
SF:lib\features\chat\domain\use_case\find_or_create_conversation_use_case.dart
DA:17,0
DA:19,0
DA:23,0
DA:24,0
DA:32,1
DA:34,0
DA:35,0
LF:7
LH:1
end_of_record
SF:lib\features\chat\domain\use_case\get_chat_users_use_case.dart
DA:11,0
DA:13,0
DA:16,0
LF:3
LH:0
end_of_record
SF:lib\features\chat\domain\use_case\get_conversations_use_case.dart
DA:12,0
DA:14,0
DA:17,0
LF:3
LH:0
end_of_record
SF:lib\features\chat\domain\use_case\get_messages_use_case.dart
DA:13,0
DA:15,0
DA:17,0
DA:24,1
DA:26,1
DA:27,2
LF:6
LH:3
end_of_record
SF:lib\features\chat\presentation\pages\new_conversation_screen.dart
DA:11,1
DA:13,1
DA:14,1
DA:18,1
DA:20,1
DA:22,3
DA:25,1
DA:27,1
DA:28,1
DA:29,1
DA:30,1
DA:31,1
DA:32,1
DA:34,4
DA:35,1
DA:38,1
DA:41,1
DA:45,1
DA:47,3
DA:50,1
DA:55,1
DA:56,1
DA:58,2
DA:60,2
DA:63,1
DA:64,2
DA:65,1
DA:66,2
DA:68,5
DA:71,1
DA:77,1
DA:78,1
DA:80,1
DA:85,1
DA:86,1
DA:87,1
DA:88,3
DA:95,1
DA:96,1
DA:99,1
DA:100,1
DA:101,2
DA:108,1
DA:110,2
DA:111,2
DA:114,2
DA:115,1
DA:116,1
LF:48
LH:48
end_of_record
SF:lib\features\chat\presentation\view_model\chat_bloc.dart
DA:28,1
DA:35,2
DA:36,2
DA:37,2
DA:38,2
DA:39,2
DA:40,2
DA:41,2
DA:42,2
DA:43,2
DA:44,2
DA:45,2
DA:48,1
DA:52,2
DA:54,1
DA:55,4
DA:56,1
DA:58,1
DA:59,1
DA:60,1
DA:61,1
DA:62,1
DA:63,1
DA:64,1
DA:65,1
DA:66,1
DA:68,2
DA:70,0
DA:71,3
DA:73,2
DA:76,1
DA:77,2
DA:78,1
DA:79,2
DA:82,0
DA:86,0
DA:89,1
DA:93,3
DA:96,1
DA:100,2
DA:102,2
DA:103,1
DA:104,4
DA:105,2
DA:106,1
DA:115,1
DA:119,1
DA:120,1
DA:121,1
DA:122,1
DA:124,2
DA:125,2
DA:127,1
DA:128,2
DA:129,1
DA:131,1
DA:134,1
DA:135,1
DA:136,2
DA:138,1
DA:139,1
DA:140,1
DA:150,1
DA:154,1
DA:155,1
DA:156,1
DA:158,3
DA:159,1
DA:161,1
DA:162,1
DA:163,1
DA:164,1
DA:165,1
DA:166,1
DA:169,2
DA:170,1
DA:171,2
DA:174,2
DA:175,1
DA:176,1
DA:177,2
DA:178,1
DA:179,1
DA:184,1
DA:185,1
DA:186,1
DA:187,1
DA:189,2
DA:192,2
DA:193,2
DA:196,2
DA:197,1
DA:198,2
DA:201,0
DA:202,0
DA:205,1
DA:206,4
DA:217,3
DA:218,1
DA:219,2
DA:220,2
DA:221,1
DA:222,1
DA:230,1
DA:231,1
DA:232,2
DA:233,4
DA:234,1
DA:235,2
DA:236,2
DA:238,2
DA:239,3
DA:243,4
DA:244,2
DA:249,1
DA:252,2
DA:253,3
DA:254,1
DA:255,5
DA:260,4
DA:261,1
DA:262,5
DA:266,2
DA:268,2
DA:269,5
DA:271,2
DA:272,2
DA:274,5
DA:275,2
DA:276,2
DA:277,2
DA:280,1
DA:284,2
DA:287,1
DA:291,2
DA:292,2
DA:293,2
DA:295,1
DA:296,4
DA:297,1
DA:298,1
DA:299,1
DA:300,1
DA:301,1
DA:310,1
DA:314,1
DA:315,1
DA:316,1
DA:317,1
DA:319,2
DA:320,1
DA:321,2
DA:322,1
DA:324,1
DA:327,2
DA:328,1
DA:337,1
DA:338,1
DA:339,1
DA:340,0
DA:341,0
DA:342,0
DA:343,0
DA:344,0
DA:345,0
DA:346,0
DA:347,0
DA:352,1
DA:354,2
DA:355,2
DA:356,1
LF:171
LH:158
end_of_record
SF:lib\features\chat\presentation\view_model\chat_event.dart
DA:5,120
DA:7,0
DA:8,0
DA:12,28
DA:16,28
DA:21,0
DA:23,0
DA:24,0
DA:29,1
DA:31,0
DA:32,0
DA:36,86
DA:41,2
DA:43,1
DA:44,2
DA:53,2
DA:60,0
DA:61,0
DA:66,1
DA:68,0
DA:69,0
DA:74,2
DA:76,1
DA:77,2
DA:81,32
LF:25
LH:14
end_of_record
SF:lib\features\chat\presentation\view_model\chat_state.dart
DA:11,4
DA:13,1
DA:14,1
DA:30,4
DA:40,2
DA:49,2
DA:50,2
DA:51,1
DA:52,2
DA:54,2
DA:55,2
DA:56,2
DA:61,1
DA:62,1
DA:63,1
DA:64,1
DA:65,1
DA:66,1
DA:67,1
DA:68,1
DA:69,1
DA:76,2
DA:78,1
DA:79,2
DA:86,2
DA:88,1
DA:89,3
LF:27
LH:27
end_of_record
SF:lib\features\notification\data\model\sender_api_model.dart
DA:13,0
DA:15,0
DA:16,0
DA:18,0
DA:20,0
DA:21,0
DA:24,0
DA:25,0
DA:28,0
DA:29,0
LF:10
LH:0
end_of_record
SF:lib\features\notification\data\model\sender_api_model.g.dart
DA:9,0
DA:10,0
DA:11,0
DA:12,0
DA:15,0
DA:16,0
DA:17,0
DA:18,0
LF:8
LH:0
end_of_record
SF:lib\features\notification\domain\entity\notification_entity.dart
DA:13,2
DA:23,1
DA:24,8
LF:3
LH:3
end_of_record
SF:lib\features\notification\domain\entity\sender_entity.dart
DA:7,1
DA:9,1
DA:10,3
LF:3
LH:3
end_of_record
SF:lib\features\auth\domain\use_case\auth_register_use_case.dart
DA:13,2
DA:19,1
DA:25,1
DA:26,4
DA:34,1
DA:36,1
DA:38,1
DA:39,1
DA:40,1
DA:41,1
DA:44,2
LF:11
LH:11
end_of_record
SF:lib\app\constant\api\api_endpoint.dart
DA:2,0
DA:30,0
DA:43,0
DA:49,0
DA:50,0
LF:5
LH:0
end_of_record
SF:lib\app\constant\hive\hive_table_constant.dart
DA:2,0
LF:1
LH:0
end_of_record
SF:lib\app\service_locator\service_locator.dart
DA:90,6
DA:92,0
DA:93,0
DA:94,0
DA:95,0
DA:96,0
DA:97,0
DA:98,0
DA:99,0
DA:100,0
DA:101,0
DA:102,0
DA:103,0
DA:104,0
DA:105,0
DA:108,0
DA:109,0
DA:110,0
DA:114,0
DA:115,0
DA:116,0
DA:118,0
DA:121,0
DA:122,0
DA:125,0
DA:126,0
DA:127,0
DA:130,0
DA:131,0
DA:134,0
DA:135,0
DA:136,0
DA:137,0
DA:138,0
DA:139,0
DA:140,0
DA:145,0
DA:146,0
DA:147,0
DA:150,0
DA:151,0
DA:154,0
DA:155,0
DA:157,0
DA:158,0
DA:159,0
DA:162,0
DA:163,0
DA:165,0
DA:166,0
DA:169,0
DA:170,0
DA:173,0
DA:174,0
DA:176,0
DA:177,0
DA:180,0
DA:181,0
DA:182,0
DA:183,0
DA:185,0
DA:190,0
DA:192,0
DA:193,0
DA:196,0
DA:197,0
DA:201,0
DA:202,0
DA:203,0
DA:204,0
DA:209,0
DA:210,0
DA:211,0
DA:215,0
DA:216,0
DA:217,0
DA:221,0
DA:222,0
DA:223,0
DA:228,0
DA:229,0
DA:230,0
DA:231,0
DA:232,0
DA:239,0
DA:241,0
DA:242,0
DA:246,0
DA:247,0
DA:253,0
DA:254,0
DA:256,0
DA:257,0
DA:258,0
DA:262,0
DA:263,0
DA:264,0
DA:269,0
DA:270,0
DA:271,0
DA:272,0
DA:277,0
DA:279,0
DA:280,0
DA:283,0
DA:284,0
DA:288,0
DA:289,0
DA:290,0
DA:291,0
DA:292,0
DA:297,0
DA:298,0
DA:300,0
DA:301,0
DA:303,0
DA:304,0
DA:308,0
DA:309,0
DA:310,0
DA:311,0
DA:312,0
DA:317,0
DA:318,0
DA:319,0
DA:322,0
DA:323,0
DA:327,0
DA:328,0
DA:329,0
DA:330,0
DA:331,0
DA:335,0
DA:336,0
DA:338,0
DA:339,0
DA:341,0
DA:342,0
DA:343,0
DA:344,0
DA:349,0
DA:351,0
DA:352,0
DA:356,0
DA:357,0
DA:358,0
DA:363,0
DA:364,0
DA:366,0
DA:367,0
DA:369,0
DA:370,0
DA:374,0
DA:375,0
DA:376,0
DA:377,0
DA:378,0
DA:383,0
DA:385,0
DA:386,0
DA:389,0
DA:390,0
DA:394,0
DA:395,0
DA:396,0
DA:397,0
DA:398,0
DA:403,0
DA:404,0
DA:406,0
DA:407,0
DA:409,0
DA:410,0
DA:412,0
DA:413,0
DA:415,0
DA:416,0
DA:420,0
DA:421,0
DA:422,0
DA:423,0
DA:424,0
DA:425,0
DA:426,0
DA:431,0
DA:433,0
DA:434,0
DA:435,0
DA:436,0
DA:440,0
DA:441,0
DA:445,0
DA:446,0
DA:447,0
DA:448,0
DA:449,0
DA:454,0
DA:455,0
DA:457,0
DA:458,0
DA:460,0
DA:461,0
DA:463,0
DA:464,0
DA:466,0
DA:467,0
DA:471,0
DA:473,0
DA:474,0
DA:475,0
DA:476,0
DA:478,0
DA:479,0
DA:481,0
DA:486,0
DA:488,0
DA:489,0
DA:490,0
DA:496,0
DA:497,0
DA:498,0
DA:499,0
DA:504,0
DA:507,0
DA:508,0
DA:509,0
DA:510,0
DA:514,0
DA:515,0
DA:516,0
DA:520,0
DA:521,0
DA:522,0
DA:523,0
DA:524,0
DA:530,0
DA:531,0
DA:534,0
DA:535,0
DA:538,0
DA:539,0
DA:540,0
DA:546,0
DA:547,0
DA:548,0
DA:549,0
DA:550,0
LF:247
LH:1
end_of_record
SF:lib\core\network\api_service.dart
DA:11,0
DA:13,0
DA:14,0
DA:15,0
DA:16,0
DA:17,0
DA:18,0
DA:22,0
DA:23,0
DA:24,0
DA:25,0
DA:26,0
DA:28,0
DA:29,0
DA:32,0
DA:36,0
DA:37,0
DA:45,0
DA:46,0
DA:50,0
DA:51,0
DA:52,0
DA:53,0
DA:54,0
DA:55,0
DA:56,0
DA:60,0
DA:63,0
DA:64,0
DA:65,0
DA:66,0
DA:67,0
DA:68,0
DA:69,0
DA:73,0
DA:77,0
DA:78,0
DA:79,0
DA:80,0
DA:81,0
DA:82,0
DA:83,0
DA:87,0
DA:90,0
DA:91,0
LF:45
LH:0
end_of_record
SF:lib\core\network\hive_service.dart
DA:31,0
DA:32,0
DA:34,0
DA:36,0
DA:37,0
DA:38,0
DA:39,0
DA:40,0
DA:41,0
DA:42,0
DA:43,0
DA:44,0
DA:45,0
DA:46,0
DA:47,0
DA:48,0
DA:49,0
DA:50,0
DA:51,0
DA:52,0
DA:54,0
DA:55,0
DA:58,0
DA:61,0
DA:62,0
DA:65,0
DA:66,0
DA:69,0
DA:72,0
DA:75,0
DA:78,0
DA:84,0
DA:85,0
DA:86,0
DA:87,0
DA:88,0
DA:89,0
DA:90,0
DA:91,0
DA:92,0
DA:93,0
DA:94,0
DA:98,0
DA:100,0
DA:104,0
DA:106,0
DA:110,0
DA:111,0
DA:112,0
DA:115,0
LF:50
LH:0
end_of_record
SF:lib\core\network\network_info.dart
DA:11,0
DA:12,0
DA:14,0
DA:16,0
LF:4
LH:0
end_of_record
SF:lib\features\auth\data\data_source\local_data_source\auth_local_data_source.dart
DA:9,0
DA:12,0
DA:15,0
DA:17,0
DA:19,0
DA:23,0
DA:27,0
DA:30,0
DA:32,0
DA:33,0
DA:35,0
DA:38,0
DA:42,0
DA:46,0
DA:48,0
DA:51,0
DA:53,0
DA:56,0
DA:61,0
LF:19
LH:0
end_of_record
SF:lib\features\auth\data\data_source\remote_data_source\user_remote_data_source.dart
DA:12,0
DA:15,0
DA:18,0
DA:20,0
DA:23,0
DA:24,0
DA:25,0
DA:29,0
DA:30,0
DA:31,0
DA:35,0
DA:37,0
DA:39,0
DA:40,0
DA:41,0
DA:42,0
DA:45,0
DA:48,0
DA:50,0
DA:52,0
DA:53,0
DA:54,0
DA:57,0
DA:61,0
DA:64,0
DA:66,0
DA:68,0
DA:71,0
DA:74,0
DA:75,0
DA:78,0
DA:79,0
DA:80,0
DA:83,0
DA:87,0
DA:90,0
DA:92,0
DA:95,0
DA:96,0
DA:97,0
DA:100,0
DA:104,0
DA:108,0
DA:110,0
DA:112,0
DA:113,0
DA:114,0
DA:115,0
DA:118,0
DA:122,0
DA:128,0
DA:130,0
DA:133,0
DA:134,0
DA:135,0
DA:138,0
LF:56
LH:0
end_of_record
SF:lib\features\auth\data\repository\auth_repository_impl.dart
DA:19,0
DA:33,0
DA:39,0
DA:40,0
DA:43,0
DA:45,0
DA:49,0
DA:50,0
DA:52,0
DA:53,0
DA:54,0
DA:55,0
DA:57,0
DA:58,0
DA:60,0
DA:61,0
DA:65,0
DA:66,0
DA:68,0
DA:70,0
DA:71,0
DA:74,0
DA:77,0
DA:79,0
DA:83,0
DA:84,0
DA:86,0
DA:88,0
DA:89,0
DA:90,0
DA:98,0
DA:100,0
DA:103,0
DA:104,0
DA:107,0
DA:111,0
DA:112,0
DA:119,0
DA:121,0
DA:123,0
DA:126,0
DA:129,0
DA:130,0
DA:137,0
DA:139,0
DA:141,0
DA:142,0
DA:144,0
DA:147,0
DA:148,0
DA:155,0
DA:160,0
DA:162,0
DA:165,0
DA:168,0
DA:169,0
DA:176,0
DA:178,0
DA:180,0
LF:59
LH:0
end_of_record
SF:lib\features\auth\domain\use_case\logout_use_case.dart
DA:6,1
DA:8,1
DA:9,2
LF:3
LH:3
end_of_record
SF:lib\features\auth\domain\use_case\request_otp_use_case.dart
DA:10,1
DA:12,1
DA:15,3
DA:17,2
DA:25,1
DA:27,1
DA:28,2
LF:7
LH:7
end_of_record
SF:lib\features\auth\domain\use_case\reset_password_with_otp_use_case.dart
DA:11,1
DA:13,1
DA:15,2
DA:16,1
DA:17,1
DA:26,1
DA:31,1
DA:32,3
LF:8
LH:8
end_of_record
SF:lib\features\auth\domain\use_case\verify_otp_use_case.dart
DA:11,1
DA:13,1
DA:15,4
DA:23,1
DA:25,1
DA:26,3
LF:6
LH:6
end_of_record
SF:lib\features\auth\presentation\view_model\forgot_password_view_model.dart\forgot_password_view_model.dart
DA:15,0
DA:19,0
DA:20,0
DA:21,0
DA:22,0
DA:25,0
DA:29,0
DA:30,0
DA:31,0
DA:33,0
DA:34,0
DA:35,0
DA:36,0
DA:37,0
DA:42,0
DA:46,0
DA:47,0
DA:48,0
DA:50,0
DA:51,0
DA:52,0
DA:53,0
DA:54,0
DA:59,0
DA:63,0
DA:64,0
DA:65,0
DA:66,0
DA:67,0
DA:70,0
DA:71,0
DA:72,0
DA:73,0
DA:77,0
DA:78,0
DA:79,0
DA:80,0
DA:81,0
LF:38
LH:0
end_of_record
SF:lib\features\auth\presentation\view_model\login_view_model\login_view_model.dart
DA:18,1
DA:27,1
DA:28,2
DA:29,2
DA:30,2
DA:33,1
DA:34,1
DA:36,3
DA:39,1
DA:43,1
DA:45,3
DA:48,1
DA:49,1
DA:50,1
DA:52,1
DA:53,2
DA:59,2
DA:60,1
DA:63,1
DA:64,1
DA:65,1
DA:66,2
DA:73,2
DA:74,2
DA:76,1
DA:81,1
DA:82,1
DA:83,1
DA:84,1
DA:85,1
DA:86,1
DA:87,1
DA:88,1
DA:91,1
DA:92,2
DA:100,2
DA:101,2
DA:103,1
DA:108,1
LF:39
LH:39
end_of_record
SF:lib\features\auth\presentation\view_model\logout_view_model\logout_view_model.dart
DA:9,0
DA:10,0
DA:11,0
DA:13,0
DA:14,0
DA:16,0
LF:6
LH:0
end_of_record
SF:lib\features\auth\presentation\view_model\signup_view_model\signup_view_model.dart
DA:17,1
DA:26,1
DA:27,2
DA:28,2
DA:29,2
DA:30,2
DA:33,1
DA:34,1
DA:35,3
DA:38,1
DA:42,1
DA:43,3
DA:46,1
DA:50,1
DA:51,3
DA:54,1
DA:58,3
DA:60,2
DA:61,1
DA:62,1
DA:63,1
DA:64,1
DA:68,2
DA:70,1
DA:71,1
DA:72,1
DA:73,2
DA:78,2
DA:80,1
DA:84,1
DA:85,1
DA:86,2
DA:91,2
DA:93,1
LF:34
LH:34
end_of_record
SF:lib\features\chat\data\data_source\local_data_source\chat_local_data_source.dart
DA:14,0
DA:19,0
DA:21,0
DA:22,0
DA:23,0
DA:24,0
DA:27,0
DA:29,0
DA:30,0
DA:31,0
DA:32,0
DA:35,0
DA:37,0
DA:42,0
DA:46,0
DA:47,0
DA:48,0
DA:49,0
DA:50,0
DA:55,0
DA:60,0
DA:61,0
DA:62,0
DA:63,0
DA:64,0
DA:69,0
DA:71,0
DA:72,0
DA:73,0
DA:74,0
DA:75,0
DA:82,0
DA:90,0
DA:95,0
DA:99,0
DA:104,0
DA:107,0
DA:110,0
DA:113,0
DA:116,0
DA:119,0
LF:41
LH:0
end_of_record
SF:lib\features\chat\data\data_source\remote_data_source\chat_remote_data_source.dart
DA:16,0
DA:21,0
DA:24,0
DA:25,0
DA:27,0
DA:28,0
DA:29,0
DA:31,0
DA:32,0
DA:33,0
DA:35,0
DA:39,0
DA:42,0
DA:43,0
DA:45,0
DA:47,0
DA:48,0
DA:49,0
DA:50,0
DA:52,0
DA:56,0
DA:65,0
DA:66,0
DA:67,0
DA:68,0
DA:69,0
DA:70,0
DA:72,0
DA:74,0
DA:77,0
DA:80,0
DA:83,0
DA:84,0
DA:85,0
DA:87,0
DA:91,0
DA:97,0
DA:99,0
DA:102,0
DA:103,0
DA:105,0
DA:106,0
DA:107,0
DA:110,0
DA:114,0
DA:117,0
DA:118,0
DA:120,0
DA:121,0
DA:122,0
DA:123,0
DA:125,0
DA:129,0
DA:131,0
DA:134,0
DA:136,0
DA:139,0
DA:141,0
DA:144,0
DA:146,0
DA:149,0
DA:151,0
DA:154,0
DA:156,0
DA:159,0
DA:162,0
DA:168,0
LF:67
LH:0
end_of_record
SF:lib\features\chat\data\repository\chat_repository_impl.dart
DA:15,0
DA:21,0
DA:24,0
DA:27,0
DA:28,0
DA:31,0
DA:34,0
DA:35,0
DA:36,0
DA:37,0
DA:38,0
DA:39,0
DA:41,0
DA:44,0
DA:48,0
DA:53,0
DA:56,0
DA:57,0
DA:59,0
DA:62,0
DA:63,0
DA:64,0
DA:65,0
DA:66,0
DA:67,0
DA:68,0
DA:69,0
DA:70,0
DA:71,0
DA:72,0
DA:74,0
DA:77,0
DA:81,0
DA:90,0
DA:97,0
DA:105,0
DA:106,0
DA:107,0
DA:108,0
DA:109,0
DA:110,0
DA:111,0
DA:112,0
DA:113,0
DA:114,0
DA:118,0
DA:122,0
DA:127,0
DA:136,0
DA:139,0
DA:140,0
DA:141,0
DA:142,0
DA:145,0
DA:147,0
DA:151,0
DA:154,0
DA:157,0
DA:158,0
DA:161,0
DA:164,0
DA:165,0
DA:166,0
DA:167,0
DA:168,0
DA:169,0
DA:171,0
DA:174,0
LF:68
LH:0
end_of_record
SF:lib\features\dashboard\data\data_source\local_data_source\dashboard_stats_local_data_source.dart
DA:11,0
DA:13,0
DA:15,0
DA:17,0
DA:19,0
DA:23,0
DA:25,0
DA:26,0
LF:8
LH:0
end_of_record
SF:lib\features\dashboard\data\data_source\remote_data_source\dashboard_stats_remote_data_source.dart
DA:13,0
DA:15,0
DA:22,0
DA:25,0
DA:27,0
DA:34,0
DA:35,0
DA:39,0
DA:40,0
DA:43,0
DA:45,0
DA:46,0
DA:47,0
DA:49,0
DA:53,0
DA:55,0
DA:57,0
DA:61,0
DA:63,0
DA:68,0
DA:69,0
DA:77,0
LF:22
LH:0
end_of_record
SF:lib\features\dashboard\data\repository\dashboard_stats_repository_impl.dart
DA:13,0
DA:19,0
DA:21,0
DA:25,0
DA:27,0
DA:29,0
DA:31,0
DA:37,0
DA:38,0
DA:40,0
DA:41,0
LF:11
LH:0
end_of_record
SF:lib\features\dashboard\domain\use_case\get_dashboard_stats_use_case.dart
DA:13,0
DA:16,0
DA:21,0
LF:3
LH:0
end_of_record
SF:lib\features\dashboard\presentation\view_model\dashboard_view_model.dart
DA:11,1
DA:12,2
DA:13,2
DA:16,1
DA:20,3
DA:22,2
DA:23,4
DA:25,3
DA:27,1
DA:28,2
DA:29,2
DA:31,1
DA:35,2
DA:36,2
LF:14
LH:14
end_of_record
SF:lib\features\goal\data\data_source\local_data_source\goal_local_data_source.dart
DA:9,0
DA:11,0
DA:13,0
DA:14,0
DA:17,0
DA:27,0
DA:32,0
DA:34,0
DA:35,0
DA:38,0
DA:42,0
DA:45,0
DA:47,0
DA:48,0
DA:50,0
LF:15
LH:0
end_of_record
SF:lib\features\goal\data\data_source\remote_data_source\goal_remote_data_source.dart
DA:11,0
DA:14,0
DA:24,0
DA:26,0
DA:30,0
DA:31,0
DA:34,0
DA:36,0
DA:38,0
DA:39,0
DA:41,0
DA:44,0
DA:47,0
DA:51,0
DA:55,0
DA:56,0
DA:57,0
DA:60,0
DA:61,0
DA:63,0
DA:64,0
DA:66,0
DA:69,0
DA:72,0
DA:76,0
DA:79,0
DA:80,0
DA:81,0
DA:83,0
DA:84,0
DA:86,0
DA:89,0
DA:92,0
DA:97,0
LF:34
LH:0
end_of_record
SF:lib\features\goal\data\repository\goal_repository_impl.dart
DA:13,0
DA:19,0
DA:21,0
DA:23,0
DA:24,0
DA:25,0
DA:27,0
DA:31,0
DA:32,0
DA:34,0
DA:39,0
DA:47,0
DA:49,0
DA:57,0
DA:58,0
DA:59,0
DA:61,0
DA:64,0
DA:65,0
DA:70,0
DA:72,0
DA:74,0
DA:76,0
DA:77,0
DA:79,0
DA:82,0
DA:83,0
LF:27
LH:0
end_of_record
SF:lib\features\goal\domain\use_case\create_goal_use_case.dart
DA:15,1
DA:23,0
DA:24,0
DA:31,0
DA:33,0
DA:34,0
DA:35,0
DA:36,0
DA:37,0
DA:38,0
DA:39,0
LF:11
LH:1
end_of_record
SF:lib\features\goal\domain\use_case\delete_goal_use_case.dart
DA:9,1
DA:11,0
DA:12,0
DA:19,0
DA:21,0
DA:22,0
LF:6
LH:1
end_of_record
SF:lib\features\goal\domain\use_case\get_goal_use_case.dart
DA:10,0
DA:12,0
DA:13,0
LF:3
LH:0
end_of_record
SF:lib\features\goal\presentation\view_model\goal_view_model.dart
DA:17,1
DA:27,2
DA:28,2
DA:29,2
DA:30,2
DA:34,1
DA:35,2
DA:36,2
DA:37,1
DA:38,4
DA:39,3
DA:44,1
DA:48,2
DA:49,1
DA:50,1
DA:51,1
DA:52,1
DA:53,1
DA:54,1
DA:56,2
DA:57,6
DA:59,2
DA:60,2
DA:64,1
DA:68,2
DA:69,2
DA:70,2
DA:71,6
DA:75,2
DA:76,2
LF:30
LH:30
end_of_record
SF:lib\features\notification\data\data_source\local_data_source\notification_local_data_source.dart
DA:9,0
DA:11,0
DA:15,0
DA:16,0
DA:17,0
DA:20,0
DA:24,0
DA:27,0
DA:28,0
DA:29,0
DA:30,0
DA:34,0
DA:39,0
DA:44,0
DA:49,0
DA:50,0
DA:51,0
DA:52,0
DA:55,0
LF:19
LH:0
end_of_record
SF:lib\features\notification\data\data_source\remote_data_source\notification_remote_data_source.dart
DA:11,0
DA:17,0
DA:19,0
DA:21,0
DA:24,0
DA:25,0
DA:26,0
DA:30,0
DA:35,0
DA:38,0
DA:40,0
DA:45,0
DA:47,0
LF:13
LH:0
end_of_record
SF:lib\features\notification\data\repository\notification_repository_impl.dart
DA:11,0
DA:17,0
DA:19,0
DA:20,0
DA:24,0
DA:26,0
DA:30,0
DA:31,0
DA:32,0
DA:34,0
DA:35,0
DA:42,0
DA:44,0
DA:48,0
DA:50,0
LF:15
LH:0
end_of_record
SF:lib\features\notification\domain\use_case\get_notification_use_case.dart
DA:11,0
DA:13,0
DA:16,0
DA:17,0
DA:19,0
LF:5
LH:0
end_of_record
SF:lib\features\notification\domain\use_case\listen_for_notifications_use_case.dart
DA:7,0
DA:9,0
DA:10,0
LF:3
LH:0
end_of_record
SF:lib\features\notification\domain\use_case\mark_all_as_read_use_case.dart
DA:9,0
DA:11,0
DA:14,0
DA:17,0
LF:4
LH:0
end_of_record
SF:lib\features\notification\presentation\view_model\notification_view_model.dart
DA:16,1
DA:23,2
DA:24,2
DA:25,2
DA:26,2
DA:28,1
DA:31,1
DA:32,1
DA:33,5
DA:36,2
DA:40,1
DA:44,2
DA:45,2
DA:46,6
DA:49,4
DA:50,1
DA:51,1
DA:59,1
DA:63,1
DA:64,1
DA:65,3
DA:66,4
DA:67,1
DA:68,1
DA:76,1
DA:80,1
DA:81,3
DA:83,3
DA:84,2
DA:85,1
DA:87,1
DA:88,1
DA:94,2
DA:95,1
DA:96,1
DA:98,1
DA:99,1
DA:100,1
DA:101,1
DA:105,1
DA:110,1
DA:111,1
DA:112,1
DA:113,1
DA:114,1
DA:115,1
DA:116,0
DA:117,1
DA:118,1
DA:122,1
DA:124,2
DA:125,1
LF:52
LH:51
end_of_record
SF:lib\features\payment\data\data_source\local_data_source\payment_local_data_source.dart
DA:7,0
DA:9,0
DA:10,0
DA:13,0
DA:14,0
DA:15,0
DA:16,0
DA:20,0
DA:21,0
LF:9
LH:0
end_of_record
SF:lib\features\payment\data\data_source\remote_data_source\payment_remote_data_source.dart
DA:12,0
DA:14,0
DA:17,0
DA:18,0
DA:20,0
DA:21,0
DA:27,0
DA:30,0
DA:31,0
DA:35,0
DA:41,0
DA:47,0
DA:48,0
DA:52,0
LF:14
LH:0
end_of_record
SF:lib\features\payment\data\repository\payment_repository_impl.dart
DA:15,0
DA:20,0
DA:23,0
DA:34,0
DA:37,0
DA:38,0
DA:47,0
DA:52,0
DA:53,0
DA:54,0
DA:55,0
DA:57,0
DA:58,0
DA:63,0
DA:69,0
DA:73,0
LF:16
LH:0
end_of_record
SF:lib\features\payment\domain\use_case\checkout_use_case.dart
DA:16,0
DA:25,0
DA:26,0
DA:27,0
DA:28,0
DA:29,0
DA:30,0
DA:32,0
DA:33,0
DA:34,0
DA:38,0
DA:39,0
DA:40,0
DA:41,0
DA:42,0
DA:43,0
DA:44,0
DA:45,0
DA:53,0
DA:56,0
DA:60,0
LF:21
LH:0
end_of_record
SF:lib\features\payment\domain\use_case\get_plans_use_case.dart
DA:10,0
DA:13,0
DA:15,0
LF:3
LH:0
end_of_record
SF:lib\features\payment\domain\use_case\verify_payment_use_case.dart
DA:12,0
DA:14,0
DA:15,0
DA:22,0
DA:25,0
DA:29,0
DA:30,0
DA:31,0
LF:8
LH:0
end_of_record
SF:lib\features\payment\presentation\view_model\payment_view_model.dart
DA:13,0
DA:20,0
DA:21,0
DA:22,0
DA:23,0
DA:24,0
DA:25,0
DA:28,0
DA:32,0
DA:33,0
DA:35,0
DA:36,0
DA:37,0
DA:39,0
DA:40,0
DA:41,0
DA:42,0
DA:48,0
DA:49,0
DA:51,0
DA:60,0
DA:61,0
DA:64,0
DA:65,0
DA:68,0
DA:72,0
DA:75,0
DA:77,0
DA:78,0
DA:79,0
DA:80,0
DA:81,0
DA:82,0
DA:83,0
DA:88,0
DA:89,0
DA:90,0
DA:91,0
DA:93,0
DA:97,0
DA:98,0
DA:99,0
DA:108,0
DA:112,0
DA:113,0
DA:115,0
DA:116,0
DA:118,0
DA:119,0
DA:122,0
DA:123,0
DA:124,0
DA:125,0
DA:126,0
DA:128,0
DA:132,0
DA:134,0
DA:135,0
DA:136,0
DA:138,0
DA:139,0
DA:146,0
LF:62
LH:0
end_of_record
SF:lib\features\profile\data\data_source\local_data_source\profile_local_data_source.dart
DA:11,0
DA:13,0
DA:15,0
DA:17,0
DA:19,0
DA:23,0
DA:25,0
DA:26,0
DA:29,0
DA:37,0
LF:10
LH:0
end_of_record
SF:lib\features\profile\data\data_source\remote_data_source\profile_remote_data_source.dart
DA:13,0
DA:16,0
DA:19,0
DA:20,0
DA:22,0
DA:24,0
DA:25,0
DA:27,0
DA:30,0
DA:33,0
DA:37,0
DA:45,0
DA:53,0
DA:55,0
DA:56,0
DA:60,0
DA:61,0
DA:63,0
DA:64,0
DA:65,0
DA:66,0
DA:72,0
DA:75,0
DA:76,0
DA:82,0
DA:85,0
DA:86,0
DA:89,0
DA:90,0
DA:92,0
DA:95,0
DA:98,0
DA:104,0
LF:33
LH:0
end_of_record
SF:lib\features\profile\data\repository\profile_repository_impl.dart
DA:17,0
DA:25,0
DA:26,0
DA:30,0
DA:31,0
DA:32,0
DA:34,0
DA:39,0
DA:44,0
DA:46,0
DA:49,0
DA:52,0
DA:55,0
DA:60,0
DA:63,0
DA:65,0
DA:71,0
DA:72,0
DA:74,0
DA:75,0
DA:81,0
DA:88,0
DA:90,0
DA:98,0
DA:99,0
DA:100,0
DA:102,0
DA:104,0
DA:107,0
DA:108,0
LF:30
LH:0
end_of_record
SF:lib\features\profile\domain\use_case\get_profile_use_case.dart
DA:9,0
DA:11,0
DA:12,0
LF:3
LH:0
end_of_record
SF:lib\features\profile\domain\use_case\update_profile_use_case.dart
DA:14,1
DA:21,0
DA:22,0
DA:28,0
DA:30,0
DA:33,0
DA:34,0
DA:35,0
DA:36,0
DA:37,0
LF:10
LH:1
end_of_record
SF:lib\features\profile\presentation\view_model\profile_view_model.dart
DA:12,1
DA:17,2
DA:18,2
DA:19,2
DA:22,1
DA:26,2
DA:27,2
DA:28,1
DA:29,4
DA:30,3
DA:34,1
DA:39,2
DA:40,2
DA:43,2
DA:45,1
DA:46,1
DA:47,1
DA:48,1
DA:49,1
DA:52,2
DA:53,2
DA:55,1
DA:56,1
DA:59,3
DA:60,3
LF:25
LH:25
end_of_record
SF:lib\features\security\data\data_source\remote_data_source\security_remote_data_source.dart
DA:12,0
DA:15,0
DA:22,0
DA:24,0
DA:30,0
DA:31,0
DA:32,0
DA:35,0
DA:36,0
DA:38,0
DA:41,0
DA:44,0
DA:48,0
DA:51,0
DA:52,0
DA:53,0
DA:54,0
DA:57,0
DA:58,0
DA:60,0
DA:63,0
DA:66,0
DA:70,0
DA:73,0
DA:74,0
DA:75,0
DA:76,0
DA:79,0
DA:80,0
DA:82,0
DA:85,0
DA:88,0
LF:32
LH:0
end_of_record
SF:lib\features\security\data\repository\security_repository_impl.dart
DA:14,0
DA:16,0
DA:23,0
DA:28,0
DA:31,0
DA:32,0
DA:34,0
DA:35,0
DA:36,0
DA:37,0
DA:40,0
DA:41,0
DA:42,0
DA:45,0
DA:47,0
DA:52,0
DA:56,0
DA:59,0
DA:60,0
DA:63,0
DA:64,0
DA:66,0
DA:67,0
DA:68,0
DA:69,0
DA:72,0
DA:73,0
DA:74,0
DA:77,0
DA:79,0
DA:84,0
DA:88,0
DA:91,0
DA:92,0
DA:95,0
DA:96,0
DA:98,0
DA:99,0
DA:100,0
DA:101,0
DA:104,0
DA:105,0
DA:106,0
DA:109,0
DA:111,0
DA:114,0
LF:46
LH:0
end_of_record
SF:lib\features\security\domain\use_case\change_password_use_case.dart
DA:12,1
DA:18,0
DA:19,0
DA:26,0
DA:28,0
DA:31,0
DA:32,0
DA:33,0
DA:34,0
LF:9
LH:1
end_of_record
SF:lib\features\security\domain\use_case\delete_account_use_case.dart
DA:10,0
DA:12,0
DA:13,0
LF:3
LH:0
end_of_record
SF:lib\features\security\domain\use_case\export_data_use_case.dart
DA:10,0
DA:12,0
DA:13,0
LF:3
LH:0
end_of_record
SF:lib\features\security\presentation\view_model\security_view_model.dart
DA:15,1
DA:22,2
DA:24,2
DA:25,2
DA:26,2
DA:30,1
DA:34,2
DA:35,1
DA:36,1
DA:37,1
DA:38,1
DA:40,2
DA:41,1
DA:42,4
DA:43,4
DA:48,1
DA:52,2
DA:53,2
DA:54,1
DA:55,4
DA:56,4
DA:61,1
DA:65,2
DA:66,2
DA:67,1
DA:68,4
DA:69,3
LF:27
LH:27
end_of_record
SF:lib\features\trade\data\data_source\local_data_source\trade_local_data_source.dart
DA:12,0
DA:14,0
DA:16,0
DA:17,0
DA:23,0
DA:25,0
DA:27,0
DA:29,0
DA:33,0
DA:50,0
DA:53,0
DA:55,0
DA:58,0
DA:60,0
DA:63,0
DA:83,0
DA:86,0
DA:88,0
LF:18
LH:0
end_of_record
SF:lib\features\trade\data\data_source\remote_data_source\trade_remote_data_source.dart
DA:14,0
DA:17,0
DA:35,0
DA:39,0
DA:43,0
DA:48,0
DA:50,0
DA:51,0
DA:52,0
DA:54,0
DA:58,0
DA:60,0
DA:61,0
DA:63,0
DA:67,0
DA:68,0
DA:70,0
DA:71,0
DA:72,0
DA:73,0
DA:79,0
DA:84,0
DA:85,0
DA:87,0
DA:88,0
DA:90,0
DA:93,0
DA:96,0
DA:100,0
DA:106,0
DA:108,0
DA:111,0
DA:112,0
DA:113,0
DA:116,0
DA:117,0
DA:119,0
DA:122,0
DA:125,0
DA:129,0
DA:132,0
DA:134,0
DA:135,0
DA:137,0
DA:138,0
DA:140,0
DA:143,0
DA:146,0
DA:150,0
DA:171,0
DA:173,0
DA:174,0
DA:175,0
DA:176,0
DA:178,0
DA:180,0
DA:181,0
DA:183,0
DA:185,0
DA:186,0
DA:187,0
DA:188,0
DA:189,0
DA:190,0
DA:191,0
DA:197,0
DA:200,0
DA:202,0
DA:203,0
DA:205,0
DA:209,0
DA:210,0
DA:212,0
DA:213,0
DA:214,0
DA:215,0
DA:223,0
DA:224,0
DA:229,0
DA:230,0
DA:232,0
DA:233,0
DA:235,0
DA:238,0
DA:241,0
DA:245,0
DA:248,0
DA:249,0
DA:250,0
DA:252,0
DA:253,0
DA:255,0
DA:258,0
DA:261,0
DA:265,0
DA:267,0
DA:272,0
DA:274,0
LF:98
LH:0
end_of_record
SF:lib\features\trade\data\repository\trade_repository_impl.dart
DA:16,0
DA:22,0
DA:39,0
DA:41,0
DA:57,0
DA:59,0
DA:66,0
DA:71,0
DA:73,0
DA:77,0
DA:78,0
DA:80,0
DA:84,0
DA:85,0
DA:87,0
DA:92,0
DA:94,0
DA:96,0
DA:97,0
DA:99,0
DA:106,0
DA:126,0
DA:128,0
DA:147,0
DA:149,0
DA:156,0
DA:158,0
DA:160,0
DA:161,0
DA:163,0
LF:30
LH:0
end_of_record
SF:lib\features\trade\domain\use_case\create_trade_use_case.dart
DA:24,2
DA:41,1
DA:42,1
DA:43,1
DA:44,1
DA:45,1
DA:46,1
DA:47,1
DA:48,1
DA:49,1
DA:50,1
DA:51,1
DA:52,1
DA:53,1
DA:54,1
DA:55,1
DA:56,1
DA:64,1
DA:66,1
DA:67,2
DA:68,1
DA:69,1
DA:70,1
DA:71,1
DA:72,1
DA:73,1
DA:74,1
DA:75,1
DA:76,1
DA:77,1
DA:78,1
DA:79,1
DA:80,1
DA:81,1
LF:34
LH:34
end_of_record
SF:lib\features\trade\domain\use_case\delete_trade_use_case.dart
DA:10,2
DA:12,1
DA:13,2
DA:20,1
DA:22,1
DA:23,3
LF:6
LH:6
end_of_record
SF:lib\features\trade\domain\use_case\get_all_trades_use_case.dart
DA:12,2
DA:14,1
DA:15,3
DA:22,1
DA:24,1
DA:27,2
DA:28,1
DA:29,1
LF:8
LH:8
end_of_record
SF:lib\features\trade\domain\use_case\get_trade_by_id_use_case.dart
DA:11,2
DA:13,1
DA:14,2
DA:21,1
DA:23,1
DA:24,3
LF:6
LH:6
end_of_record
SF:lib\features\trade\domain\use_case\update_trade_use_case.dart
DA:28,2
DA:48,1
DA:49,1
DA:50,1
DA:51,1
DA:52,1
DA:53,1
DA:54,1
DA:55,1
DA:56,1
DA:57,1
DA:58,1
DA:59,1
DA:60,1
DA:61,1
DA:62,1
DA:63,1
DA:64,1
DA:65,1
DA:66,1
DA:74,1
DA:76,1
DA:79,2
DA:80,1
DA:81,1
DA:82,1
DA:83,1
DA:84,1
DA:85,1
DA:86,1
DA:87,1
DA:88,1
DA:89,1
DA:90,1
DA:91,1
DA:92,1
DA:93,1
DA:94,1
DA:95,1
DA:96,1
LF:40
LH:40
end_of_record
SF:lib\features\trade\presentation\view_model\trade_view_model.dart
DA:19,1
DA:30,2
DA:31,2
DA:32,2
DA:33,2
DA:34,2
DA:35,2
DA:39,1
DA:43,2
DA:44,3
DA:45,2
DA:46,1
DA:47,4
DA:48,3
DA:53,1
DA:57,2
DA:58,2
DA:59,2
DA:60,1
DA:61,4
DA:62,3
DA:67,1
DA:71,2
DA:72,1
DA:73,1
DA:74,1
DA:75,1
DA:76,1
DA:77,1
DA:78,1
DA:79,1
DA:80,1
DA:81,1
DA:82,1
DA:83,1
DA:84,1
DA:85,1
DA:86,1
DA:88,2
DA:89,6
DA:92,2
DA:93,1
DA:98,1
DA:102,2
DA:103,1
DA:104,1
DA:105,1
DA:106,1
DA:107,1
DA:108,1
DA:109,1
DA:110,1
DA:111,1
DA:112,1
DA:113,1
DA:114,1
DA:115,1
DA:116,1
DA:117,1
DA:118,1
DA:119,1
DA:120,1
DA:122,2
DA:123,6
DA:126,2
DA:127,1
DA:132,1
DA:136,2
DA:137,2
DA:138,2
DA:139,6
DA:142,2
DA:143,1
LF:73
LH:73
end_of_record
SF:lib\core\common\snackbar\my_snackbar.dart
DA:3,0
DA:8,0
DA:10,0
LF:3
LH:0
end_of_record
SF:lib\core\error\exceptions.dart
DA:3,27
DA:8,0
DA:13,0
LF:3
LH:1
end_of_record
SF:lib\core\network\dio_error_interceptor.dart
DA:4,0
DA:8,0
DA:9,0
DA:11,0
DA:13,0
DA:14,0
DA:23,0
DA:24,0
DA:26,0
DA:30,0
DA:33,0
LF:11
LH:0
end_of_record
SF:lib\features\auth\data\model\auth_hive_model.dart
DA:29,0
DA:36,0
DA:38,0
DA:39,0
DA:40,0
DA:41,0
DA:42,0
DA:43,0
DA:44,0
DA:45,0
DA:49,0
DA:50,0
DA:51,0
DA:52,0
DA:53,0
DA:54,0
DA:55,0
DA:56,0
DA:60,0
DA:61,0
LF:20
LH:0
end_of_record
SF:lib\features\auth\data\model\auth_hive_model.g.dart
DA:13,0
DA:15,0
DA:16,0
DA:17,0
DA:19,0
DA:20,0
DA:21,0
DA:22,0
DA:23,0
DA:24,0
DA:25,0
DA:29,0
DA:32,0
DA:33,0
DA:34,0
DA:35,0
DA:36,0
DA:37,0
DA:38,0
DA:39,0
DA:40,0
DA:41,0
DA:42,0
DA:43,0
DA:44,0
DA:47,0
DA:48,0
DA:50,0
DA:53,0
DA:54,0
DA:55,0
LF:31
LH:0
end_of_record
SF:lib\features\chat\data\models\conversation_hive_model.g.dart
DA:13,0
DA:15,0
DA:16,0
DA:17,0
DA:19,0
DA:20,0
DA:21,0
DA:22,0
DA:26,0
DA:29,0
DA:30,0
DA:31,0
DA:32,0
DA:33,0
DA:34,0
DA:35,0
DA:38,0
DA:39,0
DA:41,0
DA:44,0
DA:45,0
DA:46,0
LF:22
LH:0
end_of_record
SF:lib\features\chat\data\models\conversation_hive_model.dart
DA:20,0
DA:26,0
DA:27,0
DA:28,0
DA:30,0
DA:31,0
DA:32,0
DA:33,0
DA:37,0
DA:38,0
DA:39,0
DA:40,0
DA:41,0
LF:13
LH:0
end_of_record
SF:lib\features\chat\data\models\message_hive_model.g.dart
DA:13,0
DA:15,0
DA:16,0
DA:17,0
DA:19,0
DA:20,0
DA:21,0
DA:22,0
DA:23,0
DA:24,0
DA:25,0
DA:26,0
DA:27,0
DA:31,0
DA:34,0
DA:35,0
DA:36,0
DA:37,0
DA:38,0
DA:39,0
DA:40,0
DA:41,0
DA:42,0
DA:43,0
DA:44,0
DA:45,0
DA:46,0
DA:47,0
DA:48,0
DA:49,0
DA:50,0
DA:53,0
DA:54,0
DA:56,0
DA:59,0
DA:60,0
DA:61,0
LF:37
LH:0
end_of_record
SF:lib\features\chat\data\models\message_hive_model.dart
DA:35,0
DA:46,0
DA:47,0
DA:48,0
DA:49,0
DA:50,0
DA:52,0
DA:53,0
DA:55,0
DA:56,0
DA:57,0
DA:58,0
DA:62,0
DA:63,0
DA:64,0
DA:65,0
DA:66,0
DA:67,0
DA:68,0
DA:69,0
DA:70,0
DA:71,0
LF:22
LH:0
end_of_record
SF:lib\features\chat\data\models\user_hive_model.dart
DA:18,0
DA:20,0
DA:21,0
DA:22,0
DA:23,0
DA:24,0
DA:28,0
DA:29,0
LF:8
LH:0
end_of_record
SF:lib\features\chat\data\models\user_hive_model.g.dart
DA:13,0
DA:15,0
DA:16,0
DA:17,0
DA:19,0
DA:20,0
DA:21,0
DA:22,0
DA:26,0
DA:29,0
DA:30,0
DA:31,0
DA:32,0
DA:33,0
DA:34,0
DA:35,0
DA:38,0
DA:39,0
DA:41,0
DA:44,0
DA:45,0
DA:46,0
LF:22
LH:0
end_of_record
SF:lib\features\dashboard\data\models\dashboard_hive_models.dart
DA:15,0
DA:17,0
DA:18,0
DA:19,0
DA:22,0
DA:24,0
DA:25,0
DA:43,0
DA:51,0
DA:52,0
DA:53,0
DA:54,0
DA:55,0
DA:56,0
DA:57,0
DA:61,0
DA:62,0
DA:63,0
DA:64,0
DA:65,0
DA:66,0
DA:67,0
DA:71,0
DA:72,0
DA:84,0
DA:90,0
DA:91,0
DA:92,0
DA:93,0
DA:94,0
DA:98,0
DA:99,0
DA:100,0
DA:101,0
DA:102,0
DA:106,0
DA:107,0
DA:121,0
DA:128,0
DA:129,0
DA:130,0
DA:131,0
DA:132,0
DA:133,0
DA:134,0
DA:135,0
DA:136,0
DA:137,0
DA:141,0
DA:142,0
DA:143,0
DA:144,0
DA:145,0
DA:146,0
DA:150,0
DA:151,0
LF:56
LH:0
end_of_record
SF:lib\features\dashboard\data\models\dashboard_hive_models.g.dart
DA:13,0
DA:15,0
DA:16,0
DA:17,0
DA:19,0
DA:20,0
DA:21,0
DA:22,0
DA:23,0
DA:24,0
DA:28,0
DA:31,0
DA:32,0
DA:33,0
DA:34,0
DA:35,0
DA:36,0
DA:37,0
DA:38,0
DA:39,0
DA:40,0
DA:41,0
DA:44,0
DA:45,0
DA:47,0
DA:50,0
DA:51,0
DA:52,0
DA:60,0
DA:62,0
DA:63,0
DA:64,0
DA:66,0
DA:67,0
DA:68,0
DA:69,0
DA:73,0
DA:76,0
DA:77,0
DA:78,0
DA:79,0
DA:80,0
DA:81,0
DA:82,0
DA:85,0
DA:86,0
DA:88,0
DA:91,0
DA:92,0
DA:93,0
DA:101,0
DA:103,0
DA:104,0
DA:105,0
DA:107,0
DA:108,0
DA:109,0
DA:110,0
DA:111,0
DA:115,0
DA:118,0
DA:119,0
DA:120,0
DA:121,0
DA:122,0
DA:123,0
DA:124,0
DA:125,0
DA:126,0
DA:129,0
DA:130,0
DA:132,0
DA:135,0
DA:136,0
DA:137,0
LF:75
LH:0
end_of_record
SF:lib\features\goal\data\model\goal_hive_model.g.dart
DA:13,0
DA:15,0
DA:16,0
DA:17,0
DA:19,0
DA:20,0
DA:21,0
DA:22,0
DA:23,0
DA:24,0
DA:25,0
DA:26,0
DA:27,0
DA:28,0
DA:29,0
DA:33,0
DA:36,0
DA:37,0
DA:38,0
DA:39,0
DA:40,0
DA:41,0
DA:42,0
DA:43,0
DA:44,0
DA:45,0
DA:46,0
DA:47,0
DA:48,0
DA:49,0
DA:50,0
DA:51,0
DA:52,0
DA:53,0
DA:54,0
DA:55,0
DA:56,0
DA:59,0
DA:60,0
DA:62,0
DA:65,0
DA:66,0
DA:67,0
LF:43
LH:0
end_of_record
SF:lib\features\goal\data\model\goal_hive_model.dart
DA:31,0
DA:44,0
DA:45,0
DA:46,0
DA:47,0
DA:48,0
DA:49,0
DA:50,0
DA:51,0
DA:52,0
DA:53,0
DA:54,0
DA:55,0
DA:59,0
DA:60,0
DA:61,0
DA:62,0
DA:63,0
DA:64,0
DA:65,0
DA:66,0
DA:67,0
DA:68,0
DA:69,0
DA:70,0
DA:74,0
DA:75,0
DA:76,0
DA:77,0
DA:78,0
DA:79,0
DA:80,0
DA:81,0
DA:82,0
DA:83,0
DA:84,0
DA:85,0
LF:37
LH:0
end_of_record
SF:lib\features\notification\data\model\notification_hive_model.g.dart
DA:13,0
DA:15,0
DA:16,0
DA:17,0
DA:19,0
DA:20,0
DA:21,0
DA:22,0
DA:23,0
DA:24,0
DA:25,0
DA:26,0
DA:30,0
DA:33,0
DA:34,0
DA:35,0
DA:36,0
DA:37,0
DA:38,0
DA:39,0
DA:40,0
DA:41,0
DA:42,0
DA:43,0
DA:44,0
DA:45,0
DA:46,0
DA:47,0
DA:50,0
DA:51,0
DA:53,0
DA:56,0
DA:57,0
DA:58,0
LF:34
LH:0
end_of_record
SF:lib\features\notification\data\model\notification_hive_model.dart
DA:31,0
DA:41,0
DA:42,0
DA:43,0
DA:44,0
DA:45,0
DA:46,0
DA:47,0
DA:48,0
DA:49,0
DA:53,0
DA:54,0
DA:55,0
DA:56,0
DA:57,0
DA:58,0
DA:59,0
DA:60,0
DA:61,0
LF:19
LH:0
end_of_record
SF:lib\features\notification\data\model\sender_hive_model.dart
DA:15,0
DA:17,0
DA:18,0
DA:21,0
DA:22,0
LF:5
LH:0
end_of_record
SF:lib\features\notification\data\model\sender_hive_model.g.dart
DA:13,0
DA:15,0
DA:16,0
DA:17,0
DA:19,0
DA:20,0
DA:21,0
DA:25,0
DA:28,0
DA:29,0
DA:30,0
DA:31,0
DA:32,0
DA:35,0
DA:36,0
DA:38,0
DA:41,0
DA:42,0
DA:43,0
LF:19
LH:0
end_of_record
SF:lib\features\payment\data\model\payment_hive_model.g.dart
DA:13,0
DA:15,0
DA:16,0
DA:17,0
DA:19,0
DA:20,0
DA:21,0
DA:22,0
DA:23,0
DA:24,0
DA:28,0
DA:31,0
DA:32,0
DA:33,0
DA:34,0
DA:35,0
DA:36,0
DA:37,0
DA:38,0
DA:39,0
DA:40,0
DA:41,0
DA:44,0
DA:45,0
DA:47,0
DA:50,0
DA:51,0
DA:52,0
LF:28
LH:0
end_of_record
SF:lib\features\payment\data\model\payment_hive_model.dart
DA:25,0
DA:33,0
DA:34,0
DA:35,0
DA:36,0
DA:37,0
DA:38,0
DA:40,0
DA:41,0
DA:42,0
DA:46,0
DA:47,0
DA:48,0
DA:49,0
DA:50,0
DA:51,0
DA:52,0
LF:17
LH:0
end_of_record
SF:lib\features\profile\data\model\profile_hive_model.g.dart
DA:13,0
DA:15,0
DA:16,0
DA:17,0
DA:19,0
DA:20,0
DA:24,0
DA:27,0
DA:28,0
DA:29,0
DA:32,0
DA:33,0
DA:35,0
DA:38,0
DA:39,0
DA:40,0
DA:47,0
DA:49,0
DA:50,0
DA:51,0
DA:53,0
DA:54,0
DA:55,0
DA:59,0
DA:62,0
DA:63,0
DA:64,0
DA:65,0
DA:66,0
DA:69,0
DA:70,0
DA:72,0
DA:75,0
DA:76,0
DA:77,0
DA:84,0
DA:86,0
DA:87,0
DA:88,0
DA:90,0
DA:91,0
DA:92,0
DA:93,0
DA:94,0
DA:95,0
DA:96,0
DA:97,0
DA:101,0
DA:104,0
DA:105,0
DA:106,0
DA:107,0
DA:108,0
DA:109,0
DA:110,0
DA:111,0
DA:112,0
DA:113,0
DA:114,0
DA:115,0
DA:116,0
DA:117,0
DA:118,0
DA:121,0
DA:122,0
DA:124,0
DA:127,0
DA:128,0
DA:129,0
LF:69
LH:0
end_of_record
SF:lib\features\profile\data\model\profile_hive_model.dart
DA:13,0
DA:15,0
DA:16,0
DA:19,0
DA:20,0
DA:23,0
DA:24,0
DA:34,1
DA:36,0
DA:37,0
DA:40,0
DA:41,0
DA:44,0
DA:45,0
DA:65,1
DA:75,0
DA:76,0
DA:77,0
DA:78,0
DA:80,0
DA:81,0
DA:83,0
DA:84,0
DA:85,0
DA:86,0
DA:90,0
DA:91,0
DA:92,0
DA:93,0
DA:94,0
DA:95,0
DA:96,0
DA:97,0
DA:98,0
DA:102,0
DA:103,0
DA:104,0
DA:105,0
DA:106,0
DA:107,0
DA:108,0
DA:109,0
DA:110,0
LF:43
LH:2
end_of_record
SF:lib\features\trade\data\model\paginated_trade_hive_model.dart
DA:22,0
DA:29,0
DA:30,0
DA:31,0
DA:32,0
DA:33,0
DA:34,0
DA:38,0
DA:39,0
DA:40,0
DA:41,0
DA:42,0
DA:43,0
LF:13
LH:0
end_of_record
SF:lib\features\trade\data\model\paginated_trade_hive_model.g.dart
DA:14,0
DA:16,0
DA:17,0
DA:18,0
DA:20,0
DA:21,0
DA:22,0
DA:23,0
DA:24,0
DA:28,0
DA:31,0
DA:32,0
DA:33,0
DA:34,0
DA:35,0
DA:36,0
DA:37,0
DA:38,0
DA:39,0
DA:42,0
DA:43,0
DA:45,0
DA:48,0
DA:49,0
DA:50,0
LF:25
LH:0
end_of_record
SF:lib\features\trade\data\model\trade_hive_model.dart
DA:70,0
DA:94,0
DA:95,0
DA:96,0
DA:97,0
DA:98,0
DA:99,0
DA:100,0
DA:101,0
DA:102,0
DA:103,0
DA:104,0
DA:105,0
DA:106,0
DA:107,0
DA:108,0
DA:109,0
DA:110,0
DA:111,0
DA:112,0
DA:113,0
DA:114,0
DA:115,0
DA:120,0
DA:121,0
DA:122,0
DA:123,0
DA:124,0
DA:125,0
DA:126,0
DA:127,0
DA:128,0
DA:129,0
DA:130,0
DA:131,0
DA:132,0
DA:133,0
DA:134,0
DA:135,0
DA:136,0
DA:137,0
DA:138,0
DA:139,0
DA:140,0
DA:141,0
LF:45
LH:0
end_of_record
SF:lib\features\trade\data\model\trade_hive_model.g.dart
DA:13,0
DA:15,0
DA:16,0
DA:17,0
DA:19,0
DA:20,0
DA:21,0
DA:22,0
DA:23,0
DA:24,0
DA:25,0
DA:26,0
DA:27,0
DA:28,0
DA:29,0
DA:30,0
DA:31,0
DA:32,0
DA:33,0
DA:34,0
DA:35,0
DA:36,0
DA:37,0
DA:38,0
DA:39,0
DA:43,0
DA:46,0
DA:47,0
DA:48,0
DA:49,0
DA:50,0
DA:51,0
DA:52,0
DA:53,0
DA:54,0
DA:55,0
DA:56,0
DA:57,0
DA:58,0
DA:59,0
DA:60,0
DA:61,0
DA:62,0
DA:63,0
DA:64,0
DA:65,0
DA:66,0
DA:67,0
DA:68,0
DA:69,0
DA:70,0
DA:71,0
DA:72,0
DA:73,0
DA:74,0
DA:75,0
DA:76,0
DA:77,0
DA:78,0
DA:79,0
DA:80,0
DA:81,0
DA:82,0
DA:83,0
DA:84,0
DA:85,0
DA:86,0
DA:89,0
DA:90,0
DA:92,0
DA:95,0
DA:96,0
DA:97,0
LF:73
LH:0
end_of_record
SF:lib\core\utils\biometric_auth_service.dart
DA:7,0
DA:9,0
DA:10,0
DA:11,0
DA:16,0
DA:18,0
DA:25,0
DA:26,0
LF:8
LH:0
end_of_record
SF:lib\features\auth\data\model\user_api_model.dart
DA:17,0
DA:26,0
DA:27,0
DA:30,0
DA:32,0
DA:33,0
DA:34,0
DA:36,0
DA:38,0
DA:40,0
DA:41,0
DA:46,0
DA:47,0
DA:48,0
DA:50,0
DA:52,0
DA:53,0
DA:54,0
DA:60,0
DA:61,0
LF:20
LH:0
end_of_record
SF:lib\features\auth\data\model\user_api_model.g.dart
DA:9,0
DA:10,0
DA:11,0
DA:12,0
DA:13,0
DA:14,0
DA:15,0
DA:18,0
DA:19,0
DA:20,0
DA:21,0
DA:22,0
DA:23,0
DA:24,0
DA:25,0
LF:15
LH:0
end_of_record
SF:lib\features\auth\presentation\view\login_view.dart
DA:16,2
DA:22,2
DA:24,4
DA:25,2
DA:27,2
DA:29,2
DA:30,0
DA:31,0
DA:32,0
DA:33,0
DA:34,0
DA:35,0
DA:36,0
DA:37,0
DA:39,0
DA:42,0
DA:44,0
DA:45,0
DA:51,2
DA:52,2
DA:53,2
DA:54,2
DA:56,2
DA:57,2
DA:58,2
DA:59,2
DA:61,4
DA:62,2
DA:67,2
DA:71,2
DA:72,2
DA:82,2
DA:87,2
DA:89,2
DA:106,2
DA:107,2
DA:109,1
DA:110,1
DA:113,1
DA:116,1
DA:121,2
DA:123,2
DA:124,2
DA:137,2
DA:138,2
DA:140,1
DA:141,1
DA:146,2
DA:148,2
DA:149,2
DA:154,2
DA:156,2
DA:157,1
DA:159,1
DA:161,1
DA:163,1
DA:164,1
DA:166,1
DA:167,2
DA:185,2
DA:187,2
DA:188,2
DA:189,2
DA:190,1
DA:191,3
DA:192,1
DA:193,1
DA:195,2
DA:196,2
DA:207,2
DA:208,2
DA:210,2
DA:219,2
DA:220,1
DA:221,1
DA:223,1
DA:225,2
DA:227,1
DA:228,2
DA:231,1
LF:80
LH:68
end_of_record
SF:lib\features\auth\presentation\view\request_otp_view.dart
DA:9,28
DA:11,2
DA:12,2
DA:19,2
DA:21,4
DA:22,2
DA:25,1
DA:27,3
DA:28,3
DA:29,4
DA:34,2
DA:36,2
DA:37,2
DA:43,2
DA:44,1
DA:45,1
DA:47,1
DA:49,4
DA:51,1
DA:53,1
DA:55,2
DA:57,1
DA:58,2
DA:62,1
DA:63,1
DA:65,4
DA:68,2
DA:70,2
DA:71,2
DA:72,2
DA:74,2
DA:80,2
DA:81,2
DA:82,2
DA:85,2
DA:86,2
DA:91,1
DA:92,1
DA:95,2
DA:102,2
DA:103,2
DA:104,2
DA:106,4
DA:107,2
DA:110,2
DA:111,2
DA:115,2
LF:47
LH:47
end_of_record
SF:lib\features\auth\presentation\view\signup_view.dart
DA:11,2
DA:16,2
DA:18,6
DA:20,2
DA:22,2
DA:23,2
DA:25,2
DA:26,2
DA:27,2
DA:28,2
DA:29,2
DA:31,2
DA:36,2
DA:40,2
DA:41,2
DA:50,2
DA:52,2
DA:53,2
DA:54,2
DA:55,2
DA:56,2
DA:58,2
DA:77,2
DA:79,3
DA:80,1
DA:82,1
DA:83,1
DA:88,2
DA:90,2
DA:91,2
DA:107,2
DA:109,3
DA:110,1
DA:112,1
DA:113,1
DA:116,1
DA:119,1
DA:124,2
DA:126,2
DA:127,2
DA:143,2
DA:145,3
DA:146,1
DA:148,1
DA:149,1
DA:152,2
DA:158,2
DA:160,2
DA:161,2
DA:169,2
DA:172,2
DA:173,1
DA:174,3
DA:175,2
DA:176,1
DA:177,1
DA:178,1
DA:179,1
DA:192,2
DA:193,2
DA:194,2
DA:199,2
DA:203,2
DA:204,2
DA:205,1
DA:206,1
DA:208,1
DA:210,2
DA:212,1
DA:213,2
DA:216,1
DA:221,2
DA:223,2
DA:224,2
LF:74
LH:74
end_of_record
SF:lib\features\auth\presentation\view_model\login_view_model\login_event.dart
DA:5,2
DA:7,0
DA:8,0
DA:14,1
DA:16,0
DA:17,0
DA:23,1
DA:25,0
DA:26,0
DA:34,2
DA:36,0
DA:37,0
LF:12
LH:4
end_of_record
SF:lib\features\auth\presentation\view_model\login_view_model\login_state.dart
DA:13,30
DA:21,1
DA:31,1
DA:32,1
DA:33,1
DA:34,1
DA:36,1
DA:40,1
DA:41,1
DA:42,1
DA:43,1
DA:44,1
DA:45,1
DA:46,1
LF:14
LH:14
end_of_record
SF:lib\features\navigation\presentation\view\app_shell.dart
DA:18,0
DA:20,0
DA:21,0
DA:34,0
DA:36,0
DA:37,0
DA:39,0
DA:40,0
DA:42,0
DA:43,0
DA:46,0
DA:47,0
DA:48,0
DA:50,0
DA:51,0
DA:52,0
DA:53,0
DA:54,0
DA:55,0
LF:19
LH:0
end_of_record
SF:lib\features\payment\presentation\view\payment_view.dart
DA:13,0
DA:15,0
DA:17,0
DA:19,0
DA:20,0
DA:21,0
DA:22,0
DA:23,0
DA:24,0
DA:26,0
DA:27,0
DA:28,0
DA:29,0
DA:30,0
DA:31,0
DA:32,0
DA:35,0
DA:36,0
DA:37,0
DA:39,0
DA:43,0
DA:44,0
DA:45,0
DA:46,0
DA:49,0
DA:50,0
DA:54,0
DA:55,0
DA:63,0
DA:64,0
DA:67,0
DA:68,0
DA:70,0
DA:71,0
DA:73,0
DA:74,0
DA:77,0
DA:84,0
DA:85,0
DA:87,0
DA:88,0
DA:90,0
DA:92,0
DA:93,0
DA:94,0
DA:96,0
DA:97,0
DA:98,0
DA:101,0
DA:102,0
DA:103,0
DA:104,0
DA:105,0
DA:106,0
DA:108,0
DA:109,0
DA:110,0
DA:112,0
DA:114,0
DA:117,0
DA:119,0
DA:123,0
DA:125,0
DA:126,0
DA:127,0
DA:129,0
DA:133,0
DA:134,0
DA:135,0
DA:136,0
DA:137,0
DA:138,0
DA:142,0
DA:147,0
DA:151,0
DA:153,0
DA:154,0
DA:161,0
DA:163,0
DA:165,0
LF:80
LH:0
end_of_record
SF:lib\features\auth\presentation\view\verify_otp_view.dart
DA:11,2
DA:13,2
DA:14,2
DA:21,2
DA:23,4
DA:24,2
DA:27,1
DA:28,3
DA:29,3
DA:30,6
DA:35,2
DA:37,2
DA:38,2
DA:44,2
DA:45,1
DA:46,1
DA:47,1
DA:49,4
DA:51,1
DA:54,1
DA:56,2
DA:58,1
DA:59,1
DA:60,1
DA:65,1
DA:66,1
DA:68,4
DA:71,2
DA:73,2
DA:74,2
DA:75,2
DA:77,2
DA:78,2
DA:79,6
DA:83,2
DA:84,2
DA:85,2
DA:88,2
DA:89,2
DA:95,1
DA:96,1
DA:99,2
DA:106,2
DA:107,2
DA:108,2
DA:109,4
DA:110,2
DA:113,2
DA:114,2
DA:118,2
LF:50
LH:50
end_of_record
SF:lib\features\auth\presentation\view_model\forgot_password_view_model.dart\forgot_password_event.dart
DA:4,4
DA:5,0
DA:6,0
DA:11,1
DA:12,1
DA:13,2
DA:19,2
DA:20,1
DA:21,3
DA:27,1
DA:31,1
DA:32,3
LF:12
LH:10
end_of_record
SF:lib\features\auth\presentation\view_model\forgot_password_view_model.dart\forgot_password_state.dart
DA:4,32
DA:5,0
DA:6,0
DA:15,3
DA:16,0
DA:17,0
DA:24,1
DA:28,0
DA:29,0
DA:35,1
DA:39,0
DA:40,0
DA:45,27
DA:48,0
DA:49,0
LF:15
LH:5
end_of_record
SF:lib\features\auth\presentation\view\set_new_password_view.dart
DA:11,2
DA:13,2
DA:14,2
DA:23,2
DA:25,4
DA:26,4
DA:27,2
DA:30,1
DA:31,3
DA:32,5
DA:33,0
DA:34,0
DA:35,0
DA:38,3
DA:39,1
DA:40,2
DA:41,3
DA:47,2
DA:49,2
DA:50,2
DA:56,2
DA:57,1
DA:58,1
DA:59,0
DA:61,0
DA:63,0
DA:64,0
DA:65,0
DA:67,0
DA:69,1
DA:70,1
DA:72,4
DA:75,2
DA:77,2
DA:78,2
DA:79,2
DA:81,2
DA:87,2
DA:88,2
DA:89,2
DA:92,2
DA:93,2
DA:98,1
DA:99,1
DA:102,2
DA:109,2
DA:110,2
DA:111,2
DA:114,2
DA:115,2
DA:120,1
DA:121,1
DA:124,3
DA:131,2
DA:132,2
DA:133,2
DA:134,4
DA:135,2
DA:138,2
DA:139,2
DA:143,2
LF:61
LH:52
end_of_record
SF:lib\features\auth\presentation\view_model\signup_view_model\signup_event.dart
DA:5,4
DA:7,0
DA:8,0
DA:13,0
DA:18,3
DA:20,1
DA:21,2
DA:26,3
DA:28,1
DA:29,2
DA:34,3
DA:36,1
DA:37,2
DA:46,2
DA:48,0
DA:49,0
LF:16
LH:11
end_of_record
SF:lib\features\auth\presentation\view_model\signup_view_model\signup_state.dart
DA:12,30
DA:20,1
DA:27,1
DA:28,1
DA:29,1
DA:30,1
DA:31,1
DA:32,1
DA:36,1
DA:37,1
DA:38,1
DA:39,1
DA:40,1
DA:41,1
DA:42,1
LF:15
LH:15
end_of_record
SF:lib\features\auth\presentation\view_model\logout_view_model\logout_state.dart
DA:11,0
LF:1
LH:0
end_of_record
SF:lib\features\chat\data\models\find_or_create_conversation_response_api_model.dart
DA:14,0
DA:19,0
DA:21,0
DA:23,0
DA:24,0
LF:5
LH:0
end_of_record
SF:lib\features\chat\data\models\find_or_create_conversation_response_api_model.g.dart
DA:9,0
DA:12,0
DA:13,0
DA:14,0
DA:15,0
DA:18,0
DA:20,0
DA:21,0
DA:22,0
LF:9
LH:0
end_of_record
SF:lib\features\chat\data\models\conversation_api_model.dart
DA:9,0
DA:10,0
DA:12,0
DA:13,0
DA:31,0
DA:35,0
DA:41,0
DA:42,0
DA:44,0
LF:9
LH:0
end_of_record
SF:lib\features\chat\data\models\conversation_api_model.g.dart
DA:9,0
DA:11,0
DA:12,0
DA:13,0
DA:14,0
DA:17,0
DA:19,0
DA:20,0
DA:21,0
DA:22,0
LF:10
LH:0
end_of_record
SF:lib\features\chat\presentation\pages\chat_screen.dart
DA:15,1
DA:22,1
DA:23,1
DA:30,1
DA:32,1
DA:34,3
DA:35,4
DA:39,1
DA:41,2
DA:42,2
DA:43,1
DA:46,1
DA:47,3
DA:48,3
DA:49,1
DA:51,2
DA:52,2
DA:53,2
DA:56,2
DA:58,1
DA:62,1
DA:63,3
DA:64,2
DA:65,2
DA:66,3
DA:74,1
DA:76,1
DA:77,5
DA:78,1
DA:79,1
DA:80,1
DA:81,1
DA:82,1
DA:83,1
DA:85,2
DA:86,2
DA:87,5
DA:88,3
DA:89,1
DA:91,1
DA:92,2
DA:93,3
DA:97,2
DA:101,1
DA:102,1
DA:103,2
DA:105,2
DA:108,1
DA:109,1
DA:111,2
DA:112,1
DA:113,2
DA:115,6
DA:116,1
DA:124,1
DA:126,1
DA:127,1
DA:128,1
DA:129,1
DA:130,1
DA:131,1
DA:137,1
DA:138,1
DA:142,1
DA:144,2
DA:148,1
DA:149,1
DA:151,2
LF:68
LH:68
end_of_record
SF:lib\features\chat\presentation\widgets\message_bubble.dart
DA:9,1
DA:11,1
DA:13,1
DA:14,1
DA:15,1
DA:16,1
DA:19,1
DA:20,3
DA:21,1
DA:24,1
DA:25,1
DA:27,1
DA:28,1
DA:29,1
DA:35,1
DA:37,1
DA:38,1
DA:39,1
DA:40,1
DA:42,1
DA:43,3
DA:44,1
DA:46,2
DA:51,5
DA:52,1
DA:53,2
DA:54,1
DA:55,1
DA:59,2
DA:60,0
DA:61,0
DA:62,0
DA:63,0
DA:64,0
DA:65,0
DA:68,0
DA:70,0
DA:72,0
DA:73,0
DA:74,0
DA:75,0
DA:77,0
DA:79,0
DA:80,0
DA:82,0
DA:85,0
DA:86,0
DA:88,0
DA:89,0
DA:99,1
DA:100,1
DA:101,4
DA:102,1
DA:103,1
LF:54
LH:34
end_of_record
SF:lib\features\chat\presentation\pages\conversation_list_screen.dart
DA:15,27
DA:17,0
DA:18,0
DA:25,0
DA:27,0
DA:29,0
DA:30,0
DA:33,0
DA:36,0
DA:39,0
DA:40,0
DA:41,0
DA:44,0
DA:47,0
DA:48,0
DA:53,0
DA:54,0
DA:56,0
DA:59,0
DA:67,0
DA:70,0
DA:71,0
DA:74,0
DA:76,0
DA:77,0
DA:78,0
DA:85,0
DA:86,0
DA:88,0
DA:89,0
DA:91,0
DA:92,0
DA:97,0
DA:98,0
DA:99,0
DA:100,0
DA:102,0
DA:105,0
DA:106,0
DA:108,0
DA:109,0
DA:117,0
DA:118,0
DA:119,0
DA:120,0
DA:122,0
DA:123,0
DA:124,0
DA:125,0
DA:126,0
DA:127,0
DA:129,0
DA:130,0
DA:131,0
DA:132,0
DA:137,0
DA:139,0
DA:140,0
DA:141,0
DA:143,0
DA:145,0
DA:146,0
DA:147,0
DA:149,0
DA:155,0
DA:156,0
DA:168,0
DA:169,0
DA:170,0
DA:172,0
DA:174,0
DA:175,0
DA:176,0
DA:177,0
LF:74
LH:1
end_of_record
SF:lib\features\chat\presentation\widgets\conversation_tile.dart
DA:10,0
DA:17,0
DA:19,0
DA:22,0
DA:23,0
DA:28,0
DA:29,0
DA:30,0
DA:31,0
DA:38,0
DA:39,0
DA:42,0
DA:43,0
DA:44,0
DA:51,0
LF:15
LH:0
end_of_record
SF:lib\features\dashboard\domain\entity\dashboard_stats_entity.dart
DA:12,1
DA:19,1
DA:20,1
DA:21,1
DA:22,1
DA:23,1
DA:24,1
LF:7
LH:7
end_of_record
SF:lib\features\dashboard\data\models\dashboard_stats_model.dart
DA:24,0
DA:29,0
DA:32,0
DA:33,0
DA:34,0
DA:35,0
DA:39,0
DA:40,0
DA:42,0
DA:45,0
DA:48,0
DA:50,0
DA:51,0
DA:52,0
DA:53,0
DA:54,0
DA:55,0
DA:58,0
DA:59,0
DA:62,0
DA:63,0
DA:64,0
DA:65,0
DA:68,0
DA:69,0
DA:70,0
DA:71,0
DA:72,0
DA:73,0
DA:74,0
LF:30
LH:0
end_of_record
SF:lib\features\dashboard\data\models\dashboard_stats_model.g.dart
DA:9,0
DA:10,0
DA:11,0
DA:12,0
DA:13,0
DA:14,0
DA:15,0
DA:16,0
DA:17,0
DA:18,0
DA:19,0
DA:20,0
DA:23,0
DA:25,0
DA:26,0
DA:27,0
DA:28,0
DA:29,0
LF:18
LH:0
end_of_record
SF:lib\features\dashboard\domain\entity\recent_trade_entity.dart
DA:10,1
DA:18,1
DA:19,6
LF:3
LH:3
end_of_record
SF:lib\features\dashboard\domain\entity\this_week_summary_entity.dart
DA:8,1
DA:14,1
DA:15,4
LF:3
LH:3
end_of_record
SF:lib\features\dashboard\data\models\recent_trade_api_model.dart
DA:10,0
DA:16,0
DA:24,0
DA:25,0
DA:29,0
DA:30,0
DA:36,0
DA:37,0
DA:38,0
DA:39,0
DA:40,0
DA:41,0
DA:42,0
LF:13
LH:0
end_of_record
SF:lib\features\dashboard\data\models\recent_trade_api_model.g.dart
DA:9,0
DA:10,0
DA:11,0
DA:12,0
DA:13,0
DA:14,0
DA:15,0
DA:18,0
DA:20,0
DA:21,0
DA:22,0
DA:23,0
DA:24,0
DA:25,0
LF:14
LH:0
end_of_record
SF:lib\features\dashboard\data\models\equity_curve_spot_model.dart
DA:13,0
DA:16,0
DA:17,0
DA:20,0
LF:4
LH:0
end_of_record
SF:lib\features\dashboard\data\models\equity_curve_spot_model.g.dart
DA:9,0
DA:11,0
DA:12,0
DA:13,0
DA:16,0
DA:18,0
DA:19,0
DA:20,0
LF:8
LH:0
end_of_record
SF:lib\features\dashboard\presentation\view\dashboard_view.dart
DA:14,27
DA:16,0
DA:23,0
DA:25,0
DA:26,0
DA:28,0
DA:30,0
DA:31,0
DA:34,0
DA:35,0
DA:37,0
DA:38,0
DA:39,0
DA:40,0
DA:41,0
DA:42,0
DA:62,0
DA:63,0
DA:64,0
DA:66,0
DA:67,0
DA:68,0
DA:70,0
DA:71,0
DA:72,0
DA:74,0
DA:75,0
DA:82,0
DA:88,0
DA:90,0
DA:92,0
DA:93,0
DA:95,0
DA:97,0
DA:99,0
DA:100,0
DA:102,0
DA:103,0
DA:104,0
DA:112,0
DA:113,0
DA:114,0
DA:118,0
DA:141,0
DA:142,0
DA:148,0
DA:149,0
DA:170,0
DA:171,0
DA:188,0
DA:189,0
DA:191,0
DA:192,0
DA:193,0
DA:198,0
LF:55
LH:1
end_of_record
SF:lib\features\dashboard\presentation\view_model\dashboard_event.dart
DA:4,1
DA:6,0
DA:7,0
LF:3
LH:1
end_of_record
SF:lib\features\dashboard\presentation\view_model\dashboard_state.dart
DA:10,28
DA:17,1
DA:21,1
DA:27,1
DA:28,1
DA:29,0
DA:30,1
DA:31,1
DA:36,1
DA:37,5
LF:10
LH:9
end_of_record
SF:lib\features\dashboard\presentation\widgets\equity_curve_chart.dart
DA:10,0
DA:18,0
DA:20,0
DA:33,0
DA:34,0
DA:36,0
DA:38,0
DA:39,0
DA:40,0
DA:41,0
DA:43,0
DA:45,0
DA:46,0
DA:51,0
DA:59,0
DA:60,0
DA:63,0
DA:64,0
DA:65,0
DA:68,0
DA:69,0
DA:77,0
DA:78,0
DA:82,0
DA:83,0
DA:86,0
DA:88,0
DA:90,0
DA:93,0
DA:95,0
DA:96,0
DA:114,0
DA:115,0
DA:120,0
DA:121,0
DA:123,0
DA:124,0
DA:126,0
DA:127,0
DA:132,0
DA:133,0
DA:136,0
DA:140,0
DA:143,0
DA:145,0
DA:155,0
DA:156,0
DA:157,0
DA:158,0
DA:159,0
DA:163,0
DA:164,0
DA:165,0
DA:166,0
DA:167,0
DA:171,0
DA:172,0
DA:173,0
DA:174,0
DA:175,0
DA:176,0
DA:177,0
LF:62
LH:0
end_of_record
SF:lib\features\dashboard\presentation\widgets\recent_trades_section.dart
DA:12,0
DA:21,0
DA:23,0
DA:24,0
DA:26,0
DA:27,0
DA:28,0
DA:30,0
DA:31,0
DA:33,0
DA:39,0
DA:41,0
DA:42,0
DA:43,0
DA:45,0
DA:48,0
DA:49,0
DA:50,0
DA:51,0
DA:52,0
DA:55,0
DA:56,0
DA:57,0
DA:58,0
DA:61,0
DA:63,0
DA:64,0
DA:65,0
DA:67,0
DA:69,0
DA:70,0
DA:71,0
DA:72,0
DA:75,0
DA:79,0
DA:80,0
DA:81,0
DA:82,0
DA:90,0
DA:91,0
DA:97,0
DA:98,0
DA:107,0
DA:109,0
DA:110,0
DA:112,0
DA:129,0
DA:132,0
DA:135,0
DA:139,0
DA:141,0
DA:143,0
DA:145,0
DA:147,0
LF:54
LH:0
end_of_record
SF:lib\features\dashboard\presentation\widgets\this_week_summary_section.dart
DA:8,0
DA:14,0
DA:16,0
DA:17,0
DA:18,0
DA:24,0
DA:25,0
DA:27,0
DA:29,0
DA:35,0
DA:37,0
DA:39,0
DA:40,0
DA:41,0
DA:42,0
DA:44,0
DA:54,0
DA:55,0
DA:56,0
DA:57,0
DA:59,0
DA:60,0
DA:61,0
DA:63,0
DA:65,0
DA:67,0
DA:69,0
DA:70,0
DA:71,0
DA:77,0
DA:78,0
LF:31
LH:0
end_of_record
SF:lib\features\goal\presentation\widgets\goal_section.dart
DA:8,27
DA:13,0
DA:15,0
DA:17,0
DA:19,0
DA:23,0
DA:24,0
DA:25,0
DA:29,0
DA:30,0
DA:40,0
DA:43,0
DA:47,0
DA:49,0
DA:56,0
DA:57,0
DA:58,0
DA:60,0
DA:63,0
DA:67,0
DA:69,0
DA:70,0
DA:72,0
DA:74,0
DA:79,0
DA:87,0
DA:89,0
DA:91,0
DA:92,0
DA:101,0
DA:102,0
DA:112,0
DA:113,0
DA:123,0
DA:124,0
DA:135,0
DA:136,0
DA:142,0
DA:149,0
DA:150,0
LF:40
LH:1
end_of_record
SF:lib\features\notification\presentation\widgets\notification_icon_widget.dart
DA:9,27
DA:11,0
DA:12,0
DA:16,0
DA:18,0
DA:20,0
DA:23,0
DA:27,0
DA:28,0
DA:30,0
DA:31,0
DA:34,0
DA:35,0
DA:36,0
DA:37,0
DA:39,0
DA:40,0
DA:42,0
LF:18
LH:1
end_of_record
SF:lib\features\goal\domain\entity\goal_entity.dart
DA:18,2
DA:31,1
DA:32,1
DA:33,1
DA:34,1
DA:35,1
DA:36,1
DA:37,1
DA:38,1
DA:39,1
DA:40,1
DA:41,1
DA:42,1
DA:46,1
DA:58,1
DA:59,1
DA:60,1
DA:61,1
DA:62,1
DA:63,1
DA:64,1
DA:65,1
DA:66,0
DA:67,1
DA:68,1
LF:25
LH:24
end_of_record
SF:lib\features\goal\data\model\goal_api_model.dart
DA:9,0
DA:10,0
DA:11,0
DA:12,0
DA:13,0
DA:49,0
DA:60,0
DA:73,0
DA:74,0
DA:76,0
DA:79,0
DA:80,0
DA:81,0
DA:82,0
DA:83,0
DA:84,0
DA:85,0
DA:86,0
DA:87,0
DA:88,0
DA:89,0
DA:90,0
LF:22
LH:0
end_of_record
SF:lib\features\goal\data\model\goal_api_model.g.dart
DA:9,0
DA:10,0
DA:11,0
DA:12,0
DA:13,0
DA:14,0
DA:15,0
DA:16,0
DA:17,0
DA:18,0
DA:20,0
DA:21,0
DA:23,0
DA:26,0
DA:27,0
DA:28,0
DA:29,0
DA:30,0
DA:31,0
DA:32,0
DA:33,0
DA:34,0
DA:35,0
DA:36,0
DA:37,0
LF:25
LH:0
end_of_record
SF:lib\features\goal\presentation\view\goal_view.dart
DA:12,28
DA:14,1
DA:15,1
DA:30,1
DA:32,1
DA:34,4
DA:37,1
DA:39,2
DA:40,2
DA:41,2
DA:42,1
DA:46,1
DA:50,1
DA:52,1
DA:53,1
DA:54,1
DA:55,1
DA:56,1
DA:57,2
DA:63,1
DA:64,1
DA:74,3
DA:79,1
DA:80,2
DA:81,2
DA:82,2
DA:83,2
DA:84,1
DA:85,1
DA:90,1
DA:91,3
DA:92,1
DA:93,1
DA:94,3
DA:95,3
DA:96,3
DA:98,1
DA:99,3
DA:106,3
DA:107,1
DA:115,1
DA:120,1
DA:121,1
DA:122,1
DA:123,1
DA:124,1
DA:134,1
DA:135,1
DA:137,1
DA:138,2
DA:141,1
DA:142,1
DA:143,1
DA:144,2
DA:156,1
DA:157,4
DA:161,1
DA:163,1
DA:165,1
DA:174,1
DA:175,1
DA:176,1
DA:177,2
DA:178,1
DA:180,4
DA:181,1
DA:182,2
DA:183,1
DA:185,5
DA:186,1
DA:187,2
DA:188,1
DA:190,1
DA:193,1
DA:194,1
DA:197,1
DA:198,1
DA:199,1
DA:200,3
DA:202,3
DA:204,1
DA:208,1
DA:210,1
DA:212,1
DA:214,1
DA:216,1
DA:218,3
DA:221,1
DA:222,1
DA:223,1
DA:224,1
DA:226,1
DA:227,1
DA:245,3
DA:246,1
DA:248,2
DA:250,1
DA:251,1
DA:252,2
DA:253,1
DA:260,1
DA:261,1
DA:279,3
DA:280,1
DA:282,1
DA:283,4
DA:286,1
DA:287,1
DA:288,2
DA:289,1
DA:296,1
DA:298,1
DA:324,1
DA:325,1
DA:328,1
DA:337,1
DA:338,1
DA:340,1
DA:362,1
DA:368,1
DA:369,2
DA:373,1
DA:374,1
DA:383,1
DA:384,1
DA:386,1
DA:408,1
DA:414,3
DA:418,1
DA:419,1
DA:428,1
DA:430,1
DA:432,1
DA:450,1
DA:453,1
DA:454,1
DA:465,1
DA:467,1
DA:469,3
DA:472,1
DA:474,1
DA:481,1
DA:484,1
DA:485,1
DA:486,1
DA:488,2
DA:491,2
DA:493,2
DA:499,1
DA:502,1
DA:503,1
DA:508,1
DA:510,1
DA:512,1
DA:513,1
DA:516,1
DA:517,1
DA:518,9
DA:526,1
DA:534,1
DA:535,2
DA:540,1
DA:541,7
DA:548,1
DA:549,1
DA:556,1
DA:557,3
DA:567,1
DA:568,1
DA:573,1
DA:575,1
DA:578,1
DA:579,3
DA:585,1
DA:586,1
LF:175
LH:175
end_of_record
SF:lib\features\goal\presentation\view_model\goal_event.dart
DA:7,3
DA:9,1
DA:10,1
DA:24,2
DA:32,0
DA:33,0
DA:40,2
DA:42,1
DA:43,2
LF:9
LH:7
end_of_record
SF:lib\features\goal\presentation\view_model\goal_state.dart
DA:8,4
DA:10,1
DA:11,1
DA:24,3
DA:26,1
DA:27,2
DA:34,3
DA:36,1
DA:37,2
DA:44,2
DA:46,1
DA:47,2
LF:12
LH:12
end_of_record
SF:lib\features\settings\presentation\view\settings_view.dart
DA:15,0
DA:17,0
DA:18,0
DA:29,0
DA:31,0
DA:33,0
DA:34,0
DA:35,0
DA:36,0
DA:39,0
DA:40,0
DA:41,0
DA:42,0
DA:47,0
DA:48,0
DA:49,0
DA:51,0
DA:54,0
DA:55,0
DA:56,0
DA:59,0
DA:60,0
DA:67,0
DA:68,0
DA:72,0
DA:74,0
DA:75,0
DA:78,0
DA:80,0
DA:81,0
DA:87,0
DA:88,0
DA:89,0
DA:90,0
DA:92,0
DA:93,0
DA:94,0
DA:96,0
DA:99,0
DA:100,0
DA:102,0
DA:103,0
DA:109,0
DA:116,0
DA:121,0
DA:122,0
DA:124,0
DA:127,0
DA:128,0
DA:130,0
DA:131,0
DA:136,0
DA:144,0
DA:152,0
DA:157,0
DA:158,0
DA:161,0
DA:181,0
DA:190,0
DA:192,0
DA:194,0
DA:195,0
DA:198,0
DA:200,0
DA:202,0
DA:206,0
DA:208,0
DA:209,0
DA:210,0
DA:211,0
DA:212,0
DA:215,0
DA:216,0
DA:218,0
DA:219,0
DA:227,0
LF:76
LH:0
end_of_record
SF:lib\features\trade\presentation\view\trade_view.dart
DA:14,27
DA:16,0
DA:17,0
DA:57,0
DA:59,0
DA:61,0
DA:64,0
DA:66,0
DA:67,0
DA:68,0
DA:69,0
DA:70,0
DA:71,0
DA:72,0
DA:73,0
DA:74,0
DA:75,0
DA:76,0
DA:80,0
DA:84,0
DA:86,0
DA:87,0
DA:88,0
DA:89,0
DA:90,0
DA:91,0
DA:97,0
DA:98,0
DA:108,0
DA:113,0
DA:114,0
DA:115,0
DA:118,0
DA:119,0
DA:120,0
DA:127,0
DA:128,0
DA:129,0
DA:130,0
DA:135,0
DA:136,0
DA:137,0
DA:138,0
DA:139,0
DA:140,0
DA:141,0
DA:142,0
DA:143,0
DA:144,0
DA:145,0
DA:146,0
DA:147,0
DA:148,0
DA:149,0
DA:150,0
DA:151,0
DA:152,0
DA:153,0
DA:158,0
DA:159,0
DA:160,0
DA:161,0
DA:162,0
DA:163,0
DA:164,0
DA:165,0
DA:166,0
DA:167,0
DA:168,0
DA:170,0
DA:171,0
DA:172,0
DA:173,0
DA:174,0
DA:177,0
DA:178,0
DA:179,0
DA:180,0
DA:181,0
DA:182,0
DA:187,0
DA:188,0
DA:189,0
DA:190,0
DA:191,0
DA:192,0
DA:193,0
DA:194,0
DA:195,0
DA:197,0
DA:200,0
DA:201,0
DA:204,0
DA:205,0
DA:208,0
DA:209,0
DA:212,0
DA:213,0
DA:216,0
DA:217,0
DA:223,0
DA:225,0
DA:226,0
DA:238,0
DA:240,0
DA:245,0
DA:246,0
DA:247,0
DA:259,0
DA:261,0
DA:263,0
DA:267,0
DA:272,0
DA:273,0
DA:274,0
DA:275,0
DA:276,0
DA:286,0
DA:287,0
DA:289,0
DA:290,0
DA:293,0
DA:294,0
DA:295,0
DA:296,0
DA:308,0
DA:309,0
DA:313,0
DA:315,0
DA:317,0
DA:326,0
DA:327,0
DA:328,0
DA:329,0
DA:330,0
DA:332,0
DA:333,0
DA:334,0
DA:335,0
DA:337,0
DA:338,0
DA:339,0
DA:340,0
DA:345,0
DA:346,0
DA:349,0
DA:350,0
DA:351,0
DA:352,0
DA:355,0
DA:356,0
DA:357,0
DA:359,0
DA:363,0
DA:365,0
DA:367,0
DA:369,0
DA:370,0
DA:371,0
DA:373,0
DA:376,0
DA:377,0
DA:378,0
DA:379,0
DA:381,0
DA:382,0
DA:407,0
DA:408,0
DA:417,0
DA:418,0
DA:440,0
DA:441,0
DA:443,0
DA:444,0
DA:445,0
DA:448,0
DA:449,0
DA:450,0
DA:451,0
DA:454,0
DA:455,0
DA:464,0
DA:466,0
DA:468,0
DA:476,0
DA:477,0
DA:478,0
DA:479,0
DA:481,0
DA:482,0
DA:483,0
DA:484,0
DA:487,0
DA:513,0
DA:514,0
DA:515,0
DA:516,0
DA:517,0
DA:551,0
DA:552,0
DA:555,0
DA:563,0
DA:564,0
DA:565,0
DA:599,0
DA:601,0
DA:602,0
DA:614,0
DA:615,0
DA:616,0
DA:617,0
DA:618,0
DA:652,0
DA:653,0
DA:656,0
DA:664,0
DA:665,0
DA:666,0
DA:700,0
DA:702,0
DA:703,0
DA:715,0
DA:716,0
DA:717,0
DA:718,0
DA:719,0
DA:753,0
DA:755,0
DA:756,0
DA:764,0
DA:765,0
DA:766,0
DA:800,0
DA:802,0
DA:803,0
DA:815,0
DA:816,0
DA:817,0
DA:818,0
DA:819,0
DA:821,0
DA:851,0
DA:857,0
DA:859,0
DA:864,0
DA:865,0
DA:873,0
DA:874,0
DA:875,0
DA:877,0
DA:907,0
DA:913,0
DA:915,0
DA:927,0
DA:929,0
DA:931,0
DA:939,0
DA:943,0
DA:944,0
DA:947,0
DA:948,0
DA:950,0
DA:951,0
DA:953,0
DA:955,0
DA:961,0
DA:967,0
DA:968,0
DA:969,0
DA:970,0
DA:978,0
DA:986,0
DA:987,0
DA:1011,0
DA:1013,0
DA:1019,0
DA:1022,0
DA:1023,0
DA:1024,0
DA:1025,0
DA:1027,0
DA:1028,0
DA:1029,0
DA:1030,0
DA:1031,0
DA:1035,0
DA:1036,0
DA:1037,0
DA:1038,0
DA:1042,0
DA:1050,0
DA:1053,0
DA:1055,0
DA:1056,0
DA:1057,0
DA:1058,0
DA:1059,0
DA:1060,0
DA:1061,0
DA:1062,0
DA:1063,0
DA:1069,0
DA:1070,0
DA:1077,0
DA:1078,0
DA:1080,0
DA:1081,0
DA:1082,0
DA:1091,0
DA:1093,0
DA:1094,0
DA:1101,0
DA:1102,0
DA:1103,0
DA:1104,0
DA:1105,0
DA:1106,0
DA:1115,0
DA:1117,0
DA:1118,0
DA:1134,0
DA:1136,0
DA:1137,0
DA:1138,0
DA:1152,0
DA:1153,0
DA:1158,0
DA:1159,0
DA:1167,0
DA:1173,0
DA:1174,0
DA:1178,0
DA:1179,0
DA:1181,0
DA:1182,0
DA:1183,0
DA:1190,0
DA:1191,0
DA:1205,0
DA:1207,0
DA:1209,0
DA:1212,0
DA:1214,0
DA:1221,0
DA:1224,0
DA:1225,0
DA:1226,0
DA:1227,0
DA:1230,0
DA:1231,0
DA:1236,0
DA:1238,0
DA:1240,0
DA:1241,0
DA:1243,0
DA:1245,0
DA:1248,0
DA:1249,0
DA:1250,0
DA:1251,0
DA:1252,0
DA:1256,0
DA:1258,0
DA:1259,0
DA:1260,0
DA:1261,0
DA:1264,0
DA:1274,0
DA:1277,0
DA:1281,0
DA:1282,0
DA:1285,0
DA:1286,0
DA:1287,0
DA:1295,0
DA:1296,0
DA:1297,0
DA:1300,0
DA:1306,0
DA:1307,0
DA:1313,0
DA:1314,0
DA:1315,0
DA:1319,0
DA:1327,0
DA:1328,0
DA:1329,0
DA:1337,0
DA:1339,0
DA:1347,0
DA:1348,0
LF:391
LH:1
end_of_record
SF:lib\features\trade\presentation\view_model\trade_event.dart
DA:8,83
DA:10,0
DA:11,0
DA:19,82
DA:21,0
DA:22,0
DA:29,1
DA:31,0
DA:32,0
DA:52,1
DA:69,0
DA:70,0
DA:71,0
DA:72,0
DA:73,0
DA:74,0
DA:75,0
DA:76,0
DA:77,0
DA:78,0
DA:79,0
DA:80,0
DA:81,0
DA:82,0
DA:83,0
DA:84,0
DA:108,1
DA:128,0
DA:129,0
DA:130,0
DA:131,0
DA:132,0
DA:133,0
DA:134,0
DA:135,0
DA:136,0
DA:137,0
DA:138,0
DA:139,0
DA:140,0
DA:141,0
DA:142,0
DA:143,0
DA:144,0
DA:145,0
DA:146,0
DA:154,1
DA:156,0
DA:157,0
LF:49
LH:6
end_of_record
SF:lib\features\notification\presentation\view\notification_view.dart
DA:10,28
DA:12,1
DA:13,1
DA:17,1
DA:19,1
DA:20,4
DA:23,1
DA:25,1
DA:27,1
DA:29,1
DA:31,1
DA:38,1
DA:40,1
DA:41,1
DA:42,1
DA:43,1
DA:44,2
DA:47,1
DA:48,3
DA:50,1
DA:51,2
DA:59,1
DA:60,1
DA:61,3
DA:63,1
DA:64,2
DA:65,1
DA:66,2
DA:67,1
DA:69,2
DA:86,1
DA:88,1
DA:90,1
DA:91,1
DA:92,1
DA:94,2
DA:95,1
DA:96,2
DA:97,1
DA:98,1
DA:99,3
DA:102,1
DA:103,2
DA:104,1
DA:105,2
DA:108,1
DA:109,3
DA:110,2
DA:112,1
DA:113,2
DA:114,4
LF:51
LH:51
end_of_record
SF:lib\features\notification\presentation\view_model\notification_event.dart
DA:5,2
DA:7,1
DA:8,1
DA:18,1
DA:19,0
DA:20,0
LF:6
LH:4
end_of_record
SF:lib\features\notification\presentation\view_model\notification_state.dart
DA:5,3
DA:7,1
DA:8,1
DA:19,3
DA:24,1
DA:25,3
DA:31,2
DA:33,1
DA:34,2
LF:9
LH:9
end_of_record
SF:lib\features\payment\data\model\checkout_response_model.dart
DA:13,0
DA:15,0
DA:16,0
DA:18,0
DA:20,0
DA:21,0
DA:22,0
LF:7
LH:0
end_of_record
SF:lib\features\payment\data\model\checkout_response_model.g.dart
DA:9,0
DA:11,0
DA:12,0
DA:13,0
DA:16,0
DA:18,0
DA:19,0
DA:20,0
LF:8
LH:0
end_of_record
SF:lib\features\payment\data\model\payment_api_model.dart
DA:15,0
DA:23,0
DA:24,0
DA:26,0
DA:28,0
DA:29,0
DA:30,0
DA:31,0
DA:32,0
DA:33,0
DA:35,0
DA:36,0
DA:37,0
DA:39,0
DA:43,0
DA:44,0
DA:45,0
DA:46,0
DA:47,0
DA:48,0
DA:49,0
LF:21
LH:0
end_of_record
SF:lib\features\payment\data\model\payment_api_model.g.dart
DA:9,0
DA:10,0
DA:11,0
DA:12,0
DA:13,0
DA:14,0
DA:16,0
DA:19,0
DA:20,0
DA:21,0
DA:22,0
DA:23,0
DA:24,0
DA:25,0
LF:14
LH:0
end_of_record
SF:lib\features\payment\data\model\verify_payment_model.dart
DA:11,0
DA:13,0
DA:14,0
DA:16,0
DA:19,0
DA:20,0
LF:6
LH:0
end_of_record
SF:lib\features\payment\data\model\verify_payment_model.g.dart
DA:9,0
DA:10,0
DA:11,0
DA:12,0
DA:15,0
DA:16,0
DA:17,0
DA:18,0
LF:8
LH:0
end_of_record
SF:lib\features\payment\domain\entity\checkout_response_entity.dart
DA:7,0
DA:12,0
DA:13,0
LF:3
LH:0
end_of_record
SF:lib\features\payment\domain\entity\payment_plan_entity.dart
DA:8,0
DA:21,0
LF:2
LH:0
end_of_record
SF:lib\features\payment\data\model\plan_feature_hive_model.dart
DA:14,0
DA:16,0
DA:17,0
DA:19,0
LF:4
LH:0
end_of_record
SF:lib\features\payment\data\model\plan_feature_hive_model.g.dart
DA:13,0
DA:15,0
DA:16,0
DA:17,0
DA:19,0
DA:20,0
DA:21,0
DA:25,0
DA:28,0
DA:29,0
DA:30,0
DA:31,0
DA:32,0
DA:35,0
DA:36,0
DA:38,0
DA:41,0
DA:42,0
DA:43,0
LF:19
LH:0
end_of_record
SF:lib\features\payment\domain\entity\verify_payment_entity.dart
DA:7,0
DA:9,0
DA:10,0
LF:3
LH:0
end_of_record
SF:lib\features\payment\presentation\view_model\payment_event.dart
DA:5,0
DA:7,0
DA:8,0
DA:16,0
DA:18,0
DA:19,0
DA:25,0
DA:27,0
DA:28,0
DA:34,0
DA:36,0
DA:37,0
DA:44,0
DA:46,0
DA:47,0
LF:15
LH:0
end_of_record
SF:lib\features\payment\presentation\view_model\payment_state.dart
DA:18,27
DA:28,0
DA:37,0
DA:38,0
DA:39,0
DA:40,0
DA:41,0
DA:42,0
DA:43,0
DA:44,0
DA:48,0
DA:49,0
DA:50,0
DA:51,0
DA:52,0
DA:53,0
DA:54,0
DA:55,0
DA:56,0
LF:19
LH:1
end_of_record
SF:lib\features\profile\domain\entity\profile_entity.dart
DA:7,2
DA:9,1
DA:10,2
DA:18,2
DA:20,1
DA:21,3
DA:34,3
DA:44,1
DA:45,1
DA:46,1
DA:47,1
DA:48,1
DA:49,1
DA:50,1
DA:51,1
DA:52,1
DA:56,1
DA:65,1
DA:66,1
DA:67,1
DA:68,1
DA:69,0
DA:70,0
DA:71,0
DA:72,0
LF:25
LH:21
end_of_record
SF:lib\features\profile\data\model\profile_api_model.dart
DA:14,0
DA:16,0
DA:17,0
DA:19,0
DA:31,0
DA:32,0
DA:34,0
DA:35,0
DA:37,0
DA:42,0
DA:45,0
DA:47,0
DA:48,0
DA:50,0
DA:77,0
DA:85,0
DA:95,0
DA:96,0
DA:98,0
LF:19
LH:0
end_of_record
SF:lib\features\profile\data\model\profile_api_model.g.dart
DA:9,0
DA:10,0
DA:11,0
DA:14,0
DA:15,0
DA:16,0
DA:19,0
DA:20,0
DA:21,0
DA:22,0
DA:25,0
DA:26,0
DA:27,0
DA:28,0
DA:31,0
DA:32,0
DA:33,0
DA:34,0
DA:35,0
DA:36,0
DA:37,0
DA:38,0
DA:41,0
DA:42,0
DA:43,0
DA:44,0
DA:45,0
DA:46,0
DA:47,0
DA:48,0
DA:49,0
LF:31
LH:0
end_of_record
SF:lib\features\profile\presentation\view\profile_view.dart
DA:11,28
DA:13,1
DA:14,1
DA:28,1
DA:30,1
DA:32,4
DA:35,1
DA:37,2
DA:38,2
DA:39,2
DA:40,2
DA:41,1
DA:45,1
DA:46,1
DA:47,1
DA:50,2
DA:51,3
DA:57,0
DA:58,0
DA:59,0
DA:60,0
DA:61,0
DA:62,0
DA:63,0
DA:64,0
DA:70,1
DA:72,1
DA:74,1
DA:83,1
DA:84,1
DA:85,1
DA:87,4
DA:88,4
DA:89,5
DA:90,4
DA:91,1
DA:92,2
DA:93,3
DA:97,2
DA:98,2
DA:105,1
DA:107,0
DA:108,0
DA:110,0
DA:111,2
DA:113,2
DA:114,2
DA:123,1
DA:124,2
DA:127,2
DA:129,4
DA:133,1
DA:134,1
DA:139,1
DA:140,2
DA:141,1
DA:142,2
DA:144,2
DA:145,2
DA:147,0
DA:152,1
DA:155,1
DA:156,1
DA:158,1
DA:160,1
DA:168,1
DA:169,1
DA:170,1
DA:171,1
DA:174,1
DA:179,1
DA:182,1
DA:187,1
DA:188,1
DA:197,1
DA:205,1
DA:206,1
DA:226,1
DA:227,1
DA:228,1
DA:229,1
DA:231,1
DA:233,1
DA:234,1
DA:242,1
DA:243,1
DA:245,1
DA:247,1
DA:248,2
DA:260,1
DA:261,1
DA:269,1
DA:271,1
DA:288,1
DA:293,1
DA:296,1
DA:297,1
DA:298,2
DA:300,1
DA:302,1
DA:303,2
DA:305,1
DA:306,2
DA:307,1
DA:308,1
DA:318,1
DA:320,1
DA:322,2
DA:323,1
DA:327,1
DA:328,1
DA:336,1
DA:363,1
DA:372,1
DA:379,1
DA:384,1
DA:385,1
DA:388,1
DA:389,1
DA:392,1
DA:393,1
DA:396,1
DA:397,1
LF:123
LH:111
end_of_record
SF:lib\features\profile\presentation\view_model\profile_event.dart
DA:5,3
DA:7,1
DA:8,1
DA:19,2
DA:26,0
DA:27,0
LF:6
LH:4
end_of_record
SF:lib\features\profile\presentation\view_model\profile_state.dart
DA:6,4
DA:8,1
DA:9,1
DA:19,2
DA:21,1
DA:22,2
DA:29,3
DA:31,1
DA:32,2
LF:9
LH:9
end_of_record
SF:lib\features\security\data\model\security_api_model.dart
DA:12,0
DA:13,0
DA:15,0
DA:16,0
DA:18,0
DA:38,0
DA:45,0
DA:54,0
DA:55,0
DA:56,0
DA:80,0
DA:90,0
DA:102,0
DA:103,0
DA:104,0
DA:130,0
DA:141,0
DA:154,0
DA:155,0
DA:156,0
DA:180,0
DA:190,0
DA:202,0
DA:203,0
DA:204,0
DA:244,0
DA:262,0
DA:282,0
DA:283,0
DA:284,0
DA:301,0
DA:307,0
DA:315,0
DA:316,0
DA:318,0
LF:35
LH:0
end_of_record
SF:lib\features\security\data\model\security_api_model.g.dart
DA:9,0
DA:10,0
DA:11,0
DA:14,0
DA:16,0
DA:17,0
DA:20,0
DA:22,0
DA:23,0
DA:24,0
DA:25,0
DA:26,0
DA:27,0
DA:29,0
DA:30,0
DA:32,0
DA:35,0
DA:37,0
DA:38,0
DA:39,0
DA:40,0
DA:41,0
DA:42,0
DA:43,0
DA:46,0
DA:48,0
DA:49,0
DA:50,0
DA:51,0
DA:52,0
DA:53,0
DA:54,0
DA:55,0
DA:56,0
DA:58,0
DA:59,0
DA:61,0
DA:64,0
DA:66,0
DA:67,0
DA:68,0
DA:69,0
DA:70,0
DA:71,0
DA:72,0
DA:73,0
DA:74,0
DA:75,0
DA:78,0
DA:80,0
DA:81,0
DA:82,0
DA:83,0
DA:84,0
DA:85,0
DA:86,0
DA:87,0
DA:89,0
DA:90,0
DA:92,0
DA:93,0
DA:95,0
DA:96,0
DA:98,0
DA:101,0
DA:103,0
DA:104,0
DA:105,0
DA:106,0
DA:107,0
DA:108,0
DA:109,0
DA:110,0
DA:111,0
DA:112,0
DA:113,0
DA:116,0
DA:118,0
DA:119,0
DA:120,0
DA:121,0
DA:122,0
DA:123,0
DA:124,0
DA:125,0
DA:126,0
DA:128,0
DA:129,0
DA:131,0
DA:134,0
DA:136,0
DA:137,0
DA:138,0
DA:139,0
DA:140,0
DA:141,0
DA:142,0
DA:143,0
DA:144,0
DA:145,0
DA:148,0
DA:150,0
DA:151,0
DA:152,0
DA:153,0
DA:154,0
DA:155,0
DA:156,0
DA:157,0
DA:159,0
DA:160,0
DA:161,0
DA:162,0
DA:164,0
DA:165,0
DA:166,0
DA:168,0
DA:169,0
DA:170,0
DA:171,0
DA:173,0
DA:174,0
DA:176,0
DA:179,0
DA:181,0
DA:182,0
DA:183,0
DA:184,0
DA:185,0
DA:186,0
DA:187,0
DA:188,0
DA:189,0
DA:190,0
DA:191,0
DA:192,0
DA:193,0
DA:194,0
DA:195,0
DA:196,0
DA:197,0
DA:198,0
DA:201,0
DA:202,0
DA:203,0
DA:205,0
DA:206,0
DA:207,0
DA:209,0
DA:210,0
DA:211,0
DA:213,0
DA:214,0
DA:215,0
DA:216,0
DA:217,0
DA:218,0
DA:219,0
DA:220,0
DA:221,0
DA:222,0
DA:225,0
DA:227,0
DA:228,0
DA:229,0
DA:230,0
DA:231,0
DA:232,0
LF:168
LH:0
end_of_record
SF:lib\features\security\domain\entity\security_entity.dart
DA:8,1
DA:10,0
DA:11,0
DA:23,0
DA:32,0
DA:33,0
DA:48,0
DA:60,0
DA:61,0
DA:62,0
DA:63,0
DA:64,0
DA:65,0
DA:66,0
DA:67,0
DA:68,0
DA:69,0
DA:70,0
DA:87,0
DA:100,0
DA:101,0
DA:102,0
DA:103,0
DA:104,0
DA:105,0
DA:106,0
DA:107,0
DA:108,0
DA:109,0
DA:110,0
DA:111,0
DA:127,0
DA:139,0
DA:140,0
DA:141,0
DA:142,0
DA:143,0
DA:144,0
DA:145,0
DA:146,0
DA:147,0
DA:148,0
DA:149,0
DA:173,0
DA:194,0
DA:195,0
DA:196,0
DA:201,0
DA:202,0
DA:203,0
DA:204,0
DA:205,0
DA:206,0
DA:207,0
DA:208,0
DA:209,0
DA:210,0
DA:211,0
DA:212,0
DA:213,0
DA:214,0
DA:215,0
DA:216,0
DA:217,0
DA:218,0
DA:219,0
DA:231,1
DA:239,1
DA:240,6
LF:69
LH:4
end_of_record
SF:lib\features\security\presentation\view\security_view.dart
DA:12,27
DA:14,0
DA:15,0
DA:26,0
DA:28,0
DA:29,0
DA:30,0
DA:31,0
DA:35,0
DA:41,0
DA:45,0
DA:50,0
DA:51,0
DA:54,0
DA:55,0
DA:58,0
DA:59,0
DA:62,0
DA:63,0
DA:72,0
DA:73,0
DA:74,0
DA:75,0
DA:76,0
DA:86,0
DA:87,0
DA:89,0
DA:90,0
DA:93,0
DA:94,0
DA:95,0
DA:96,0
DA:108,0
DA:110,0
DA:115,0
DA:116,0
DA:118,0
DA:119,0
DA:120,0
DA:121,0
DA:126,0
DA:127,0
DA:130,0
DA:131,0
DA:133,0
DA:138,0
DA:139,0
DA:142,0
DA:143,0
DA:146,0
DA:147,0
DA:150,0
DA:151,0
DA:154,0
DA:155,0
DA:158,0
DA:159,0
DA:164,0
DA:166,0
DA:171,0
DA:172,0
DA:175,0
DA:176,0
DA:179,0
DA:180,0
DA:183,0
DA:184,0
DA:187,0
DA:188,0
DA:191,0
DA:192,0
DA:195,0
DA:196,0
DA:199,0
DA:200,0
DA:203,0
DA:204,0
DA:209,0
DA:211,0
DA:216,0
DA:217,0
DA:220,0
DA:221,0
DA:224,0
DA:225,0
DA:228,0
DA:229,0
DA:232,0
DA:233,0
DA:236,0
DA:237,0
DA:240,0
DA:241,0
DA:244,0
DA:245,0
DA:248,0
DA:249,0
DA:252,0
DA:253,0
DA:265,0
DA:266,0
DA:267,0
DA:269,0
DA:271,0
DA:272,0
DA:273,0
DA:276,0
DA:277,0
DA:280,0
DA:281,0
DA:284,0
DA:285,0
DA:288,0
DA:289,0
DA:292,0
DA:293,0
DA:296,0
DA:297,0
DA:300,0
DA:301,0
DA:304,0
DA:305,0
DA:314,0
DA:318,0
DA:320,0
DA:327,0
DA:328,0
DA:329,0
DA:331,0
DA:333,0
DA:334,0
DA:335,0
DA:338,0
DA:339,0
DA:342,0
DA:343,0
DA:346,0
DA:347,0
DA:350,0
DA:351,0
DA:354,0
DA:355,0
DA:358,0
DA:359,0
DA:362,0
DA:363,0
DA:366,0
DA:367,0
DA:370,0
DA:371,0
DA:374,0
DA:375,0
DA:378,0
DA:379,0
DA:382,0
DA:383,0
DA:389,0
DA:390,0
DA:393,0
DA:394,0
DA:397,0
DA:398,0
DA:401,0
DA:402,0
DA:405,0
DA:406,0
DA:415,0
DA:423,0
DA:424,0
DA:426,0
DA:427,0
DA:436,0
DA:438,0
DA:440,0
DA:449,0
DA:450,0
DA:451,0
DA:452,0
DA:453,0
DA:455,0
DA:457,0
DA:458,0
DA:459,0
DA:460,0
DA:461,0
DA:462,0
DA:464,0
DA:465,0
DA:466,0
DA:467,0
DA:470,0
DA:471,0
DA:473,0
DA:474,0
DA:475,0
DA:477,0
DA:478,0
DA:479,0
DA:480,0
DA:482,0
DA:485,0
DA:486,0
DA:488,0
DA:490,0
DA:492,0
DA:494,0
DA:496,0
DA:498,0
DA:501,0
DA:502,0
DA:503,0
DA:504,0
DA:505,0
DA:506,0
DA:509,0
DA:510,0
DA:517,0
DA:518,0
DA:521,0
DA:522,0
DA:525,0
DA:532,0
DA:533,0
DA:536,0
DA:537,0
DA:540,0
DA:547,0
DA:549,0
DA:553,0
DA:554,0
DA:555,0
DA:556,0
DA:557,0
DA:559,0
DA:561,0
DA:563,0
DA:564,0
DA:569,0
DA:572,0
DA:573,0
DA:604,0
DA:606,0
DA:608,0
DA:616,0
DA:618,0
DA:622,0
DA:623,0
DA:624,0
DA:627,0
DA:631,0
DA:632,0
DA:660,0
DA:662,0
DA:664,0
DA:672,0
DA:674,0
DA:675,0
DA:676,0
DA:679,0
DA:680,0
LF:260
LH:1
end_of_record
SF:lib\features\security\presentation\view_model\security_event.dart
DA:7,2
DA:9,0
DA:10,0
DA:19,1
DA:25,0
DA:26,0
LF:6
LH:2
end_of_record
SF:lib\features\security\presentation\view_model\security_state.dart
DA:8,2
DA:10,1
DA:11,1
DA:24,2
DA:26,1
DA:27,2
DA:34,2
DA:36,1
DA:37,2
DA:44,1
DA:46,1
DA:47,2
DA:54,2
DA:56,1
DA:57,2
LF:15
LH:15
end_of_record
SF:lib\features\trade\domain\entity\trade_entity.dart
DA:28,5
DA:51,2
DA:52,2
DA:53,2
DA:54,2
DA:55,2
DA:56,2
DA:57,2
DA:58,2
DA:59,2
DA:60,2
DA:61,2
DA:62,2
DA:63,2
DA:64,2
DA:65,2
DA:66,2
DA:67,2
DA:68,2
DA:69,2
DA:70,2
DA:71,2
DA:72,2
DA:76,1
DA:77,3
DA:79,2
DA:80,5
DA:81,2
DA:82,5
DA:84,2
DA:90,1
DA:112,1
DA:113,1
DA:114,1
DA:115,1
DA:116,1
DA:117,1
DA:118,1
DA:119,1
DA:120,1
DA:121,1
DA:122,1
DA:123,1
DA:124,1
DA:125,1
DA:126,1
DA:127,1
DA:128,1
DA:129,1
DA:130,1
DA:131,1
DA:132,1
DA:144,2
DA:151,1
DA:152,5
LF:55
LH:55
end_of_record
SF:lib\features\trade\data\model\trade_api_model.dart
DA:52,0
DA:73,0
DA:97,0
DA:99,0
DA:100,0
DA:106,0
DA:108,0
DA:111,0
DA:114,0
DA:128,0
DA:133,0
DA:140,0
DA:141,0
DA:143,0
LF:14
LH:0
end_of_record
SF:lib\features\trade\data\model\trade_api_model.g.dart
DA:9,0
DA:10,0
DA:11,0
DA:12,0
DA:13,0
DA:14,0
DA:15,0
DA:16,0
DA:17,0
DA:18,0
DA:19,0
DA:21,0
DA:22,0
DA:23,0
DA:24,0
DA:25,0
DA:27,0
DA:28,0
DA:29,0
DA:30,0
DA:31,0
DA:33,0
DA:34,0
DA:36,0
DA:39,0
DA:40,0
DA:41,0
DA:42,0
DA:43,0
DA:44,0
DA:45,0
DA:46,0
DA:47,0
DA:48,0
DA:49,0
DA:50,0
DA:51,0
DA:52,0
DA:53,0
DA:54,0
DA:55,0
DA:56,0
DA:57,0
DA:58,0
DA:59,0
DA:60,0
DA:63,0
DA:65,0
DA:66,0
DA:67,0
DA:68,0
DA:69,0
DA:70,0
DA:71,0
DA:74,0
DA:76,0
DA:77,0
DA:78,0
DA:79,0
DA:80,0
LF:60
LH:0
end_of_record
SF:lib\features\trade\presentation\view_model\trade_state.dart
DA:8,2
DA:10,1
DA:11,1
DA:24,1
DA:26,1
DA:27,2
DA:34,1
DA:36,1
DA:37,2
DA:44,2
DA:46,1
DA:47,2
DA:54,1
DA:56,1
DA:57,2
LF:15
LH:15
end_of_record
SF:lib\features\splash\presentation\view\splash_view.dart
DA:6,1
DA:8,1
DA:10,3
DA:11,1
DA:12,1
DA:15,1
DA:16,1
DA:17,1
LF:8
LH:8
end_of_record
SF:lib\features\splash\presentation\view_model\splash_view_model.dart
DA:7,2
DA:9,2
DA:10,4
DA:11,4
LF:4
LH:4
end_of_record
